This is pdfTeX, Version 3.141592653-2.6-1.40.22 (TeX Live 2022/dev/Debian) (preloaded format=pdflatex 2023.5.31)  23 OCT 2023 07:38
entering extended mode
 restricted \write18 enabled.
 %&-line parsing enabled.
**iters_svanb.tex
(./iters_svanb.tex
LaTeX2e <2021-11-15> patch level 1
L3 programming layer <2022-01-21>
(/usr/share/texlive/texmf-dist/tex/latex/base/article.cls
Document Class: article 2021/10/04 v1.4n Standard LaTeX document class
(/usr/share/texlive/texmf-dist/tex/latex/base/size12.clo
File: size12.clo 2021/10/04 v1.4n Standard LaTeX file (size option)
)
\c@part=\count185
\c@section=\count186
\c@subsection=\count187
\c@subsubsection=\count188
\c@paragraph=\count189
\c@subparagraph=\count190
\c@figure=\count191
\c@table=\count192
\abovecaptionskip=\skip47
\belowcaptionskip=\skip48
\bibindent=\dimen138
)
(/usr/share/texlive/texmf-dist/tex/latex/graphics/graphicx.sty
Package: graphicx 2021/09/16 v1.2d Enhanced LaTeX Graphics (DPC,SPQR)

(/usr/share/texlive/texmf-dist/tex/latex/graphics/keyval.sty
Package: keyval 2014/10/28 v1.15 key=value parser (DPC)
\KV@toks@=\toks16
)
(/usr/share/texlive/texmf-dist/tex/latex/graphics/graphics.sty
Package: graphics 2021/03/04 v1.4d Standard LaTeX Graphics (DPC,SPQR)

(/usr/share/texlive/texmf-dist/tex/latex/graphics/trig.sty
Package: trig 2021/08/11 v1.11 sin cos tan (DPC)
)
(/usr/share/texlive/texmf-dist/tex/latex/graphics-cfg/graphics.cfg
File: graphics.cfg 2016/06/04 v1.11 sample graphics configuration
)
Package graphics Info: Driver file: pdftex.def on input line 107.

(/usr/share/texlive/texmf-dist/tex/latex/graphics-def/pdftex.def
File: pdftex.def 2020/10/05 v1.2a Graphics/color driver for pdftex
))
\Gin@req@height=\dimen139
\Gin@req@width=\dimen140
)
(/usr/share/texlive/texmf-dist/tex/latex/hyperref/hyperref.sty
Package: hyperref 2021-06-07 v7.00m Hypertext links for LaTeX

(/usr/share/texlive/texmf-dist/tex/generic/ltxcmds/ltxcmds.sty
Package: ltxcmds 2020-05-10 v1.25 LaTeX kernel commands for general use (HO)
)
(/usr/share/texlive/texmf-dist/tex/generic/iftex/iftex.sty
Package: iftex 2020/03/06 v1.0d TeX engine tests
)
(/usr/share/texlive/texmf-dist/tex/generic/pdftexcmds/pdftexcmds.sty
Package: pdftexcmds 2020-06-27 v0.33 Utility functions of pdfTeX for LuaTeX (HO
)

(/usr/share/texlive/texmf-dist/tex/generic/infwarerr/infwarerr.sty
Package: infwarerr 2019/12/03 v1.5 Providing info/warning/error messages (HO)
)
Package pdftexcmds Info: \pdf@primitive is available.
Package pdftexcmds Info: \pdf@ifprimitive is available.
Package pdftexcmds Info: \pdfdraftmode found.
)
(/usr/share/texlive/texmf-dist/tex/generic/kvsetkeys/kvsetkeys.sty
Package: kvsetkeys 2019/12/15 v1.18 Key value parser (HO)
)
(/usr/share/texlive/texmf-dist/tex/generic/kvdefinekeys/kvdefinekeys.sty
Package: kvdefinekeys 2019-12-19 v1.6 Define keys (HO)
)
(/usr/share/texlive/texmf-dist/tex/generic/pdfescape/pdfescape.sty
Package: pdfescape 2019/12/09 v1.15 Implements pdfTeX's escape features (HO)
)
(/usr/share/texlive/texmf-dist/tex/latex/hycolor/hycolor.sty
Package: hycolor 2020-01-27 v1.10 Color options for hyperref/bookmark (HO)
)
(/usr/share/texlive/texmf-dist/tex/latex/letltxmacro/letltxmacro.sty
Package: letltxmacro 2019/12/03 v1.6 Let assignment for LaTeX macros (HO)
)
(/usr/share/texlive/texmf-dist/tex/latex/auxhook/auxhook.sty
Package: auxhook 2019-12-17 v1.6 Hooks for auxiliary files (HO)
)
(/usr/share/texlive/texmf-dist/tex/latex/kvoptions/kvoptions.sty
Package: kvoptions 2020-10-07 v3.14 Key value format for package options (HO)
)
\@linkdim=\dimen141
\Hy@linkcounter=\count193
\Hy@pagecounter=\count194

(/usr/share/texlive/texmf-dist/tex/latex/hyperref/pd1enc.def
File: pd1enc.def 2021-06-07 v7.00m Hyperref: PDFDocEncoding definition (HO)
Now handling font encoding PD1 ...
... no UTF-8 mapping file for font encoding PD1
)
(/usr/share/texlive/texmf-dist/tex/latex/hyperref/hyperref-langpatches.def
File: hyperref-langpatches.def 2021-06-07 v7.00m Hyperref: patches for babel la
nguages
)
(/usr/share/texlive/texmf-dist/tex/generic/intcalc/intcalc.sty
Package: intcalc 2019/12/15 v1.3 Expandable calculations with integers (HO)
)
(/usr/share/texlive/texmf-dist/tex/generic/etexcmds/etexcmds.sty
Package: etexcmds 2019/12/15 v1.7 Avoid name clashes with e-TeX commands (HO)
)
\Hy@SavedSpaceFactor=\count195

(/usr/share/texlive/texmf-dist/tex/latex/hyperref/puenc.def
File: puenc.def 2021-06-07 v7.00m Hyperref: PDF Unicode definition (HO)
Now handling font encoding PU ...
... no UTF-8 mapping file for font encoding PU
)
Package hyperref Info: Hyper figures OFF on input line 4192.
Package hyperref Info: Link nesting OFF on input line 4197.
Package hyperref Info: Hyper index ON on input line 4200.
Package hyperref Info: Plain pages OFF on input line 4207.
Package hyperref Info: Backreferencing OFF on input line 4212.
Package hyperref Info: Implicit mode ON; LaTeX internals redefined.
Package hyperref Info: Bookmarks ON on input line 4445.
\c@Hy@tempcnt=\count196

(/usr/share/texlive/texmf-dist/tex/latex/url/url.sty
\Urlmuskip=\muskip16
Package: url 2013/09/16  ver 3.4  Verb mode for urls, etc.
)
LaTeX Info: Redefining \url on input line 4804.
\XeTeXLinkMargin=\dimen142

(/usr/share/texlive/texmf-dist/tex/generic/bitset/bitset.sty
Package: bitset 2019/12/09 v1.3 Handle bit-vector datatype (HO)

(/usr/share/texlive/texmf-dist/tex/generic/bigintcalc/bigintcalc.sty
Package: bigintcalc 2019/12/15 v1.5 Expandable calculations on big integers (HO
)
))
\Fld@menulength=\count197
\Field@Width=\dimen143
\Fld@charsize=\dimen144
Package hyperref Info: Hyper figures OFF on input line 6076.
Package hyperref Info: Link nesting OFF on input line 6081.
Package hyperref Info: Hyper index ON on input line 6084.
Package hyperref Info: backreferencing OFF on input line 6091.
Package hyperref Info: Link coloring OFF on input line 6096.
Package hyperref Info: Link coloring with OCG OFF on input line 6101.
Package hyperref Info: PDF/A mode OFF on input line 6106.
LaTeX Info: Redefining \ref on input line 6146.
LaTeX Info: Redefining \pageref on input line 6150.

(/usr/share/texlive/texmf-dist/tex/latex/base/atbegshi-ltx.sty
Package: atbegshi-ltx 2021/01/10 v1.0c Emulation of the original atbegshi
package with kernel methods
)
\Hy@abspage=\count198
\c@Item=\count199
\c@Hfootnote=\count266
)
Package hyperref Info: Driver (autodetected): hpdftex.

(/usr/share/texlive/texmf-dist/tex/latex/hyperref/hpdftex.def
File: hpdftex.def 2021-06-07 v7.00m Hyperref driver for pdfTeX

(/usr/share/texlive/texmf-dist/tex/latex/base/atveryend-ltx.sty
Package: atveryend-ltx 2020/08/19 v1.0a Emulation of the original atveryend pac
kage
with kernel methods
)
\Fld@listcount=\count267
\c@bookmark@seq@number=\count268

(/usr/share/texlive/texmf-dist/tex/latex/rerunfilecheck/rerunfilecheck.sty
Package: rerunfilecheck 2019/12/05 v1.9 Rerun checks for auxiliary files (HO)

(/usr/share/texlive/texmf-dist/tex/generic/uniquecounter/uniquecounter.sty
Package: uniquecounter 2019/12/15 v1.4 Provide unlimited unique counter (HO)
)
Package uniquecounter Info: New unique counter `rerunfilecheck' on input line 2
86.
)
\Hy@SectionHShift=\skip49
)
(/usr/share/texlive/texmf-dist/tex/latex/geometry/geometry.sty
Package: geometry 2020/01/02 v5.9 Page Geometry

(/usr/share/texlive/texmf-dist/tex/generic/iftex/ifvtex.sty
Package: ifvtex 2019/10/25 v1.7 ifvtex legacy package. Use iftex instead.
)
\Gm@cnth=\count269
\Gm@cntv=\count270
\c@Gm@tempcnt=\count271
\Gm@bindingoffset=\dimen145
\Gm@wd@mp=\dimen146
\Gm@odd@mp=\dimen147
\Gm@even@mp=\dimen148
\Gm@layoutwidth=\dimen149
\Gm@layoutheight=\dimen150
\Gm@layouthoffset=\dimen151
\Gm@layoutvoffset=\dimen152
\Gm@dimlist=\toks17
)
(/usr/share/texlive/texmf-dist/tex/latex/tools/multicol.sty
Package: multicol 2021/10/28 v1.9b multicolumn formatting (FMi)
\c@tracingmulticols=\count272
\mult@box=\box50
\multicol@leftmargin=\dimen153
\c@unbalance=\count273
\c@collectmore=\count274
\doublecol@number=\count275
\multicoltolerance=\count276
\multicolpretolerance=\count277
\full@width=\dimen154
\page@free=\dimen155
\premulticols=\dimen156
\postmulticols=\dimen157
\multicolsep=\skip50
\multicolbaselineskip=\skip51
\partial@page=\box51
\last@line=\box52
\maxbalancingoverflow=\dimen158
\mult@rightbox=\box53
\mult@grightbox=\box54
\mult@firstbox=\box55
\mult@gfirstbox=\box56
\@tempa=\box57
\@tempa=\box58
\@tempa=\box59
\@tempa=\box60
\@tempa=\box61
\@tempa=\box62
\@tempa=\box63
\@tempa=\box64
\@tempa=\box65
\@tempa=\box66
\@tempa=\box67
\@tempa=\box68
\@tempa=\box69
\@tempa=\box70
\@tempa=\box71
\@tempa=\box72
\@tempa=\box73
\@tempa=\box74
\@tempa=\box75
\@tempa=\box76
\@tempa=\box77
\@tempa=\box78
\@tempa=\box79
\@tempa=\box80
\@tempa=\box81
\@tempa=\box82
\@tempa=\box83
\@tempa=\box84
\@tempa=\box85
\@tempa=\box86
\@tempa=\box87
\@tempa=\box88
\@tempa=\box89
\@tempa=\box90
\@tempa=\box91
\@tempa=\box92
\c@minrows=\count278
\c@columnbadness=\count279
\c@finalcolumnbadness=\count280
\last@try=\dimen159
\multicolovershoot=\dimen160
\multicolundershoot=\dimen161
\mult@nat@firstbox=\box93
\colbreak@box=\box94
\mc@col@check@num=\count281
)
(/usr/share/texlive/texmf-dist/tex/latex/pgf/utilities/pgffor.sty
(/usr/share/texlive/texmf-dist/tex/latex/pgf/utilities/pgfrcs.sty
(/usr/share/texlive/texmf-dist/tex/generic/pgf/utilities/pgfutil-common.tex
\pgfutil@everybye=\toks18
\pgfutil@tempdima=\dimen162
\pgfutil@tempdimb=\dimen163

(/usr/share/texlive/texmf-dist/tex/generic/pgf/utilities/pgfutil-common-lists.t
ex)) (/usr/share/texlive/texmf-dist/tex/generic/pgf/utilities/pgfutil-latex.def
\pgfutil@abb=\box95
) (/usr/share/texlive/texmf-dist/tex/generic/pgf/utilities/pgfrcs.code.tex
(/usr/share/texlive/texmf-dist/tex/generic/pgf/pgf.revision.tex)
Package: pgfrcs 2021/05/15 v3.1.9a (3.1.9a)
))
(/usr/share/texlive/texmf-dist/tex/latex/pgf/utilities/pgfkeys.sty
(/usr/share/texlive/texmf-dist/tex/generic/pgf/utilities/pgfkeys.code.tex
\pgfkeys@pathtoks=\toks19
\pgfkeys@temptoks=\toks20

(/usr/share/texlive/texmf-dist/tex/generic/pgf/utilities/pgfkeysfiltered.code.t
ex
\pgfkeys@tmptoks=\toks21
))) (/usr/share/texlive/texmf-dist/tex/latex/pgf/math/pgfmath.sty
(/usr/share/texlive/texmf-dist/tex/generic/pgf/math/pgfmath.code.tex
(/usr/share/texlive/texmf-dist/tex/generic/pgf/math/pgfmathcalc.code.tex
(/usr/share/texlive/texmf-dist/tex/generic/pgf/math/pgfmathutil.code.tex
\pgf@x=\dimen164
\pgf@xa=\dimen165
\pgf@xb=\dimen166
\pgf@xc=\dimen167
\pgf@y=\dimen168
\pgf@ya=\dimen169
\pgf@yb=\dimen170
\pgf@yc=\dimen171
\c@pgf@counta=\count282
\c@pgf@countb=\count283
\c@pgf@countc=\count284
\c@pgf@countd=\count285
)
(/usr/share/texlive/texmf-dist/tex/generic/pgf/math/pgfmathparser.code.tex
\pgfmath@dimen=\dimen172
\pgfmath@count=\count286
\pgfmath@box=\box96
\pgfmath@toks=\toks22
\pgfmath@stack@operand=\toks23
\pgfmath@stack@operation=\toks24
)
(/usr/share/texlive/texmf-dist/tex/generic/pgf/math/pgfmathfunctions.code.tex
(/usr/share/texlive/texmf-dist/tex/generic/pgf/math/pgfmathfunctions.basic.code
.tex)
(/usr/share/texlive/texmf-dist/tex/generic/pgf/math/pgfmathfunctions.trigonomet
ric.code.tex)
(/usr/share/texlive/texmf-dist/tex/generic/pgf/math/pgfmathfunctions.random.cod
e.tex)
(/usr/share/texlive/texmf-dist/tex/generic/pgf/math/pgfmathfunctions.comparison
.code.tex)
(/usr/share/texlive/texmf-dist/tex/generic/pgf/math/pgfmathfunctions.base.code.
tex)
(/usr/share/texlive/texmf-dist/tex/generic/pgf/math/pgfmathfunctions.round.code
.tex)
(/usr/share/texlive/texmf-dist/tex/generic/pgf/math/pgfmathfunctions.misc.code.
tex)
(/usr/share/texlive/texmf-dist/tex/generic/pgf/math/pgfmathfunctions.integerari
thmetics.code.tex)))
(/usr/share/texlive/texmf-dist/tex/generic/pgf/math/pgfmathfloat.code.tex
\c@pgfmathroundto@lastzeros=\count287
)))
(/usr/share/texlive/texmf-dist/tex/generic/pgf/utilities/pgffor.code.tex
Package: pgffor 2021/05/15 v3.1.9a (3.1.9a)

(/usr/share/texlive/texmf-dist/tex/generic/pgf/math/pgfmath.code.tex)
\pgffor@iter=\dimen173
\pgffor@skip=\dimen174
\pgffor@stack=\toks25
\pgffor@toks=\toks26
))
(/usr/share/texlive/texmf-dist/tex/latex/tools/verbatim.sty
Package: verbatim 2020-07-07 v1.5u LaTeX2e package for verbatim enhancements
\every@verbatim=\toks27
\verbatim@line=\toks28
\verbatim@in@stream=\read2
)
(/usr/share/texlive/texmf-dist/tex/latex/amsmath/amsmath.sty
Package: amsmath 2021/10/15 v2.17l AMS math features
\@mathmargin=\skip52

For additional information on amsmath, use the `?' option.
(/usr/share/texlive/texmf-dist/tex/latex/amsmath/amstext.sty
Package: amstext 2021/08/26 v2.01 AMS text

(/usr/share/texlive/texmf-dist/tex/latex/amsmath/amsgen.sty
File: amsgen.sty 1999/11/30 v2.0 generic functions
\@emptytoks=\toks29
\ex@=\dimen175
))
(/usr/share/texlive/texmf-dist/tex/latex/amsmath/amsbsy.sty
Package: amsbsy 1999/11/29 v1.2d Bold Symbols
\pmbraise@=\dimen176
)
(/usr/share/texlive/texmf-dist/tex/latex/amsmath/amsopn.sty
Package: amsopn 2021/08/26 v2.02 operator names
)
\inf@bad=\count288
LaTeX Info: Redefining \frac on input line 234.
\uproot@=\count289
\leftroot@=\count290
LaTeX Info: Redefining \overline on input line 399.
\classnum@=\count291
\DOTSCASE@=\count292
LaTeX Info: Redefining \ldots on input line 496.
LaTeX Info: Redefining \dots on input line 499.
LaTeX Info: Redefining \cdots on input line 620.
\Mathstrutbox@=\box97
\strutbox@=\box98
\big@size=\dimen177
LaTeX Font Info:    Redeclaring font encoding OML on input line 743.
LaTeX Font Info:    Redeclaring font encoding OMS on input line 744.
\macc@depth=\count293
\c@MaxMatrixCols=\count294
\dotsspace@=\muskip17
\c@parentequation=\count295
\dspbrk@lvl=\count296
\tag@help=\toks30
\row@=\count297
\column@=\count298
\maxfields@=\count299
\andhelp@=\toks31
\eqnshift@=\dimen178
\alignsep@=\dimen179
\tagshift@=\dimen180
\tagwidth@=\dimen181
\totwidth@=\dimen182
\lineht@=\dimen183
\@envbody=\toks32
\multlinegap=\skip53
\multlinetaggap=\skip54
\mathdisplay@stack=\toks33
LaTeX Info: Redefining \[ on input line 2938.
LaTeX Info: Redefining \] on input line 2939.
)
(/usr/share/texlive/texmf-dist/tex/latex/tools/bm.sty
Package: bm 2021/04/25 v1.2e Bold Symbol Support (DPC/FMi)
\symboldoperators=\mathgroup4
\symboldletters=\mathgroup5
\symboldsymbols=\mathgroup6
Package bm Info: No bold for \OMX/cmex/m/n, using \pmb.
LaTeX Font Info:    Redeclaring math alphabet \mathbf on input line 149.
)
(/usr/share/texlive/texmf-dist/tex/latex/jknapltx/mathrsfs.sty
Package: mathrsfs 1996/01/01 Math RSFS package v1.0 (jk)
\symrsfs=\mathgroup7
)
(/usr/share/texlive/texmf-dist/tex/latex/fancyhdr/fancyhdr.sty
Package: fancyhdr 2021/01/28 v4.0.1 Extensive control of page headers and foote
rs
\f@nch@headwidth=\skip55
\f@nch@O@elh=\skip56
\f@nch@O@erh=\skip57
\f@nch@O@olh=\skip58
\f@nch@O@orh=\skip59
\f@nch@O@elf=\skip60
\f@nch@O@erf=\skip61
\f@nch@O@olf=\skip62
\f@nch@O@orf=\skip63
)
(/usr/share/texlive/texmf-dist/tex/latex/sectsty/sectsty.sty
Package: sectsty 2002/02/25 v2.0.2 Commands to change all sectional heading sty
les


LaTeX Warning: Command \underbar  has changed.
               Check if current package is valid.


LaTeX Warning: Command \underline  has changed.
               Check if current package is valid.

) (/usr/share/texlive/texmf-dist/tex/latex/l3backend/l3backend-pdftex.def
File: l3backend-pdftex.def 2022-01-12 L3 backend support: PDF output (pdfTeX)
\l__color_backend_stack_int=\count300
\l__pdf_internal_box=\box99
)
(./iters_svanb.aux)
\openout1 = `iters_svanb.aux'.

LaTeX Font Info:    Checking defaults for OML/cmm/m/it on input line 23.
LaTeX Font Info:    ... okay on input line 23.
LaTeX Font Info:    Checking defaults for OMS/cmsy/m/n on input line 23.
LaTeX Font Info:    ... okay on input line 23.
LaTeX Font Info:    Checking defaults for OT1/cmr/m/n on input line 23.
LaTeX Font Info:    ... okay on input line 23.
LaTeX Font Info:    Checking defaults for T1/cmr/m/n on input line 23.
LaTeX Font Info:    ... okay on input line 23.
LaTeX Font Info:    Checking defaults for TS1/cmr/m/n on input line 23.
LaTeX Font Info:    ... okay on input line 23.
LaTeX Font Info:    Checking defaults for OMX/cmex/m/n on input line 23.
LaTeX Font Info:    ... okay on input line 23.
LaTeX Font Info:    Checking defaults for U/cmr/m/n on input line 23.
LaTeX Font Info:    ... okay on input line 23.
LaTeX Font Info:    Checking defaults for PD1/pdf/m/n on input line 23.
LaTeX Font Info:    ... okay on input line 23.
LaTeX Font Info:    Checking defaults for PU/pdf/m/n on input line 23.
LaTeX Font Info:    ... okay on input line 23.

(/usr/share/texlive/texmf-dist/tex/context/base/mkii/supp-pdf.mkii
[Loading MPS to PDF converter (version 2006.09.02).]
\scratchcounter=\count301
\scratchdimen=\dimen184
\scratchbox=\box100
\nofMPsegments=\count302
\nofMParguments=\count303
\everyMPshowfont=\toks34
\MPscratchCnt=\count304
\MPscratchDim=\dimen185
\MPnumerator=\count305
\makeMPintoPDFobject=\count306
\everyMPtoPDFconversion=\toks35
) (/usr/share/texlive/texmf-dist/tex/latex/epstopdf-pkg/epstopdf-base.sty
Package: epstopdf-base 2020-01-24 v2.11 Base part for package epstopdf
Package epstopdf-base Info: Redefining graphics rule for `.eps' on input line 4
85.

(/usr/share/texlive/texmf-dist/tex/latex/latexconfig/epstopdf-sys.cfg
File: epstopdf-sys.cfg 2010/07/13 v1.3 Configuration of (r)epstopdf for TeX Liv
e
))
Package hyperref Info: Link coloring OFF on input line 23.

(/usr/share/texlive/texmf-dist/tex/latex/hyperref/nameref.sty
Package: nameref 2021-04-02 v2.47 Cross-referencing by name of section

(/usr/share/texlive/texmf-dist/tex/latex/refcount/refcount.sty
Package: refcount 2019/12/15 v3.6 Data extraction from label references (HO)
)
(/usr/share/texlive/texmf-dist/tex/generic/gettitlestring/gettitlestring.sty
Package: gettitlestring 2019/12/15 v1.6 Cleanup title references (HO)
)
\c@section@level=\count307
)
LaTeX Info: Redefining \ref on input line 23.
LaTeX Info: Redefining \pageref on input line 23.
LaTeX Info: Redefining \nameref on input line 23.

(./iters_svanb.out) (./iters_svanb.out)
\@outlinefile=\write3
\openout3 = `iters_svanb.out'.


*geometry* driver: auto-detecting
*geometry* detected driver: pdftex
*geometry* verbose mode - [ preamble ] result:
* driver: pdftex
* paper: <default>
* layout: <same size as paper>
* layoutoffset:(h,v)=(0.0pt,0.0pt)
* modes: landscape 
* h-part:(L,W,R)=(56.9055pt, 681.15898pt, 56.9055pt)
* v-part:(T,H,B)=(56.9055pt, 500.484pt, 56.9055pt)
* \paperwidth=794.96999pt
* \paperheight=614.295pt
* \textwidth=681.15898pt
* \textheight=500.484pt
* \oddsidemargin=-15.36449pt
* \evensidemargin=-15.36449pt
* \topmargin=-52.36449pt
* \headheight=12.0pt
* \headsep=25.0pt
* \topskip=12.0pt
* \footskip=30.0pt
* \marginparwidth=44.0pt
* \marginparsep=10.0pt
* \columnsep=10.0pt
* \skip\footins=10.8pt plus 4.0pt minus 2.0pt
* \hoffset=0.0pt
* \voffset=0.0pt
* \mag=1000
* \@twocolumnfalse
* \@twosidefalse
* \@mparswitchfalse
* \@reversemarginfalse
* (1in=72.27pt=25.4mm, 1cm=28.453pt)

LaTeX Font Info:    Trying to load font information for U+rsfs on input line 35
.
(/usr/share/texlive/texmf-dist/tex/latex/jknapltx/ursfs.fd
File: ursfs.fd 1998/03/24 rsfs font definition file (jk)
)
File: "fun.py"  (verbatim)
 [1

{/var/lib/texmf/fonts/map/pdftex/updmap/pdftex.map}] (./tmp2_0.tex

LaTeX Font Warning: Command \footnotesize invalid in math mode on input line 13
.


LaTeX Font Warning: Command \footnotesize invalid in math mode on input line 22
.

)
Package epstopdf Info: Source file: <itr_0.eps>
(epstopdf)                    date: 2023-10-23 07:38:36
(epstopdf)                    size: 206571 bytes
(epstopdf)             Output file: <itr_0-eps-converted-to.pdf>
(epstopdf)                    date: 2023-10-23 07:37:14
(epstopdf)                    size: 11584 bytes
(epstopdf)             Command: <repstopdf --outfile=itr_0-eps-converted-to.pdf
 itr_0.eps>
(epstopdf)             \includegraphics on input line 71.
runsystem(repstopdf --outfile=itr_0-eps-converted-to.pdf itr_0.eps)...executed 
safely (allowed).

Package epstopdf Info: Result file: <itr_0-eps-converted-to.pdf>
(epstopdf)                    date: 2023-10-23 07:38:45
(epstopdf)                    size: 11861 bytes.
<itr_0-eps-converted-to.pdf, id=13, 462.72874pt x 347.2975pt>
File: itr_0-eps-converted-to.pdf Graphic file (type pdf)
<use itr_0-eps-converted-to.pdf>
Package pdftex.def Info: itr_0-eps-converted-to.pdf  used on input line 71.
(pdftex.def)             Requested size: 398.33858pt x 298.97208pt.
 (./tmp1_0.tex)

Package fancyhdr Warning: \headheight is too small (12.0pt): 
(fancyhdr)                Make it at least 14.49998pt, for example:
(fancyhdr)                \setlength{\headheight}{14.49998pt}.
(fancyhdr)                You might also make \topmargin smaller to compensate:

(fancyhdr)                \addtolength{\topmargin}{-2.49998pt}.

[1 <./itr_0-eps-converted-to.pdf>] (./tmp2_1.tex

LaTeX Font Warning: Command \footnotesize invalid in math mode on input line 13
.


LaTeX Font Warning: Command \footnotesize invalid in math mode on input line 22
.

)
Package epstopdf Info: Source file: <itr_1.eps>
(epstopdf)                    date: 2023-10-23 07:38:37
(epstopdf)                    size: 206856 bytes
(epstopdf)             Output file: <itr_1-eps-converted-to.pdf>
(epstopdf)                    date: 2023-10-23 07:37:14
(epstopdf)                    size: 11685 bytes
(epstopdf)             Command: <repstopdf --outfile=itr_1-eps-converted-to.pdf
 itr_1.eps>
(epstopdf)             \includegraphics on input line 71.
runsystem(repstopdf --outfile=itr_1-eps-converted-to.pdf itr_1.eps)...executed 
safely (allowed).

Package epstopdf Info: Result file: <itr_1-eps-converted-to.pdf>
(epstopdf)                    date: 2023-10-23 07:38:45
(epstopdf)                    size: 12030 bytes.
<itr_1-eps-converted-to.pdf, id=42, 462.72874pt x 347.2975pt>
File: itr_1-eps-converted-to.pdf Graphic file (type pdf)
<use itr_1-eps-converted-to.pdf>
Package pdftex.def Info: itr_1-eps-converted-to.pdf  used on input line 71.
(pdftex.def)             Requested size: 398.33858pt x 298.97208pt.
 (./tmp1_1.tex)

Package fancyhdr Warning: \headheight is too small (12.0pt): 
(fancyhdr)                Make it at least 14.49998pt, for example:
(fancyhdr)                \setlength{\headheight}{14.49998pt}.
(fancyhdr)                You might also make \topmargin smaller to compensate:

(fancyhdr)                \addtolength{\topmargin}{-2.49998pt}.

[2 <./itr_1-eps-converted-to.pdf>] (./tmp2_2.tex

LaTeX Font Warning: Command \footnotesize invalid in math mode on input line 13
.


LaTeX Font Warning: Command \footnotesize invalid in math mode on input line 22
.

)
Package epstopdf Info: Source file: <itr_2.eps>
(epstopdf)                    date: 2023-10-23 07:38:37
(epstopdf)                    size: 207199 bytes
(epstopdf)             Output file: <itr_2-eps-converted-to.pdf>
(epstopdf)                    date: 2023-10-23 07:37:15
(epstopdf)                    size: 11798 bytes
(epstopdf)             Command: <repstopdf --outfile=itr_2-eps-converted-to.pdf
 itr_2.eps>
(epstopdf)             \includegraphics on input line 71.
runsystem(repstopdf --outfile=itr_2-eps-converted-to.pdf itr_2.eps)...executed 
safely (allowed).

Package epstopdf Info: Result file: <itr_2-eps-converted-to.pdf>
(epstopdf)                    date: 2023-10-23 07:38:46
(epstopdf)                    size: 12145 bytes.
<itr_2-eps-converted-to.pdf, id=57, 462.72874pt x 347.2975pt>
File: itr_2-eps-converted-to.pdf Graphic file (type pdf)
<use itr_2-eps-converted-to.pdf>
Package pdftex.def Info: itr_2-eps-converted-to.pdf  used on input line 71.
(pdftex.def)             Requested size: 398.33858pt x 298.97208pt.
 (./tmp1_2.tex)

Package fancyhdr Warning: \headheight is too small (12.0pt): 
(fancyhdr)                Make it at least 14.49998pt, for example:
(fancyhdr)                \setlength{\headheight}{14.49998pt}.
(fancyhdr)                You might also make \topmargin smaller to compensate:

(fancyhdr)                \addtolength{\topmargin}{-2.49998pt}.

[3 <./itr_2-eps-converted-to.pdf>] (./tmp2_3.tex

LaTeX Font Warning: Command \footnotesize invalid in math mode on input line 13
.


LaTeX Font Warning: Command \footnotesize invalid in math mode on input line 22
.

)
Package epstopdf Info: Source file: <itr_3.eps>
(epstopdf)                    date: 2023-10-23 07:38:38
(epstopdf)                    size: 207645 bytes
(epstopdf)             Output file: <itr_3-eps-converted-to.pdf>
(epstopdf)                    date: 2023-10-23 07:37:15
(epstopdf)                    size: 11879 bytes
(epstopdf)             Command: <repstopdf --outfile=itr_3-eps-converted-to.pdf
 itr_3.eps>
(epstopdf)             \includegraphics on input line 71.
runsystem(repstopdf --outfile=itr_3-eps-converted-to.pdf itr_3.eps)...executed 
safely (allowed).

Package epstopdf Info: Result file: <itr_3-eps-converted-to.pdf>
(epstopdf)                    date: 2023-10-23 07:38:46
(epstopdf)                    size: 12335 bytes.
<itr_3-eps-converted-to.pdf, id=72, 462.72874pt x 347.2975pt>
File: itr_3-eps-converted-to.pdf Graphic file (type pdf)
<use itr_3-eps-converted-to.pdf>
Package pdftex.def Info: itr_3-eps-converted-to.pdf  used on input line 71.
(pdftex.def)             Requested size: 398.33858pt x 298.97208pt.
 (./tmp1_3.tex)

Package fancyhdr Warning: \headheight is too small (12.0pt): 
(fancyhdr)                Make it at least 14.49998pt, for example:
(fancyhdr)                \setlength{\headheight}{14.49998pt}.
(fancyhdr)                You might also make \topmargin smaller to compensate:

(fancyhdr)                \addtolength{\topmargin}{-2.49998pt}.

[4 <./itr_3-eps-converted-to.pdf>] (./tmp2_4.tex

LaTeX Font Warning: Command \footnotesize invalid in math mode on input line 13
.


LaTeX Font Warning: Command \footnotesize invalid in math mode on input line 22
.

)
Package epstopdf Info: Source file: <itr_4.eps>
(epstopdf)                    date: 2023-10-23 07:38:39
(epstopdf)                    size: 207809 bytes
(epstopdf)             Output file: <itr_4-eps-converted-to.pdf>
(epstopdf)                    date: 2023-10-23 07:37:16
(epstopdf)                    size: 11948 bytes
(epstopdf)             Command: <repstopdf --outfile=itr_4-eps-converted-to.pdf
 itr_4.eps>
(epstopdf)             \includegraphics on input line 71.
runsystem(repstopdf --outfile=itr_4-eps-converted-to.pdf itr_4.eps)...executed 
safely (allowed).

Package epstopdf Info: Result file: <itr_4-eps-converted-to.pdf>
(epstopdf)                    date: 2023-10-23 07:38:47
(epstopdf)                    size: 12373 bytes.
<itr_4-eps-converted-to.pdf, id=87, 462.72874pt x 347.2975pt>
File: itr_4-eps-converted-to.pdf Graphic file (type pdf)
<use itr_4-eps-converted-to.pdf>
Package pdftex.def Info: itr_4-eps-converted-to.pdf  used on input line 71.
(pdftex.def)             Requested size: 398.33858pt x 298.97208pt.
 (./tmp1_4.tex)

Package fancyhdr Warning: \headheight is too small (12.0pt): 
(fancyhdr)                Make it at least 14.49998pt, for example:
(fancyhdr)                \setlength{\headheight}{14.49998pt}.
(fancyhdr)                You might also make \topmargin smaller to compensate:

(fancyhdr)                \addtolength{\topmargin}{-2.49998pt}.

[5 <./itr_4-eps-converted-to.pdf>] (./tmp2_5.tex

LaTeX Font Warning: Command \footnotesize invalid in math mode on input line 13
.


LaTeX Font Warning: Command \footnotesize invalid in math mode on input line 22
.

)
Package epstopdf Info: Source file: <itr_5.eps>
(epstopdf)                    date: 2023-10-23 07:38:39
(epstopdf)                    size: 207908 bytes
(epstopdf)             Output file: <itr_5-eps-converted-to.pdf>
(epstopdf)                    date: 2023-10-23 07:37:16
(epstopdf)                    size: 12155 bytes
(epstopdf)             Command: <repstopdf --outfile=itr_5-eps-converted-to.pdf
 itr_5.eps>
(epstopdf)             \includegraphics on input line 71.
runsystem(repstopdf --outfile=itr_5-eps-converted-to.pdf itr_5.eps)...executed 
safely (allowed).

Package epstopdf Info: Result file: <itr_5-eps-converted-to.pdf>
(epstopdf)                    date: 2023-10-23 07:38:47
(epstopdf)                    size: 12451 bytes.
<itr_5-eps-converted-to.pdf, id=102, 462.72874pt x 347.2975pt>
File: itr_5-eps-converted-to.pdf Graphic file (type pdf)
<use itr_5-eps-converted-to.pdf>
Package pdftex.def Info: itr_5-eps-converted-to.pdf  used on input line 71.
(pdftex.def)             Requested size: 398.33858pt x 298.97208pt.
 (./tmp1_5.tex)

Package fancyhdr Warning: \headheight is too small (12.0pt): 
(fancyhdr)                Make it at least 14.49998pt, for example:
(fancyhdr)                \setlength{\headheight}{14.49998pt}.
(fancyhdr)                You might also make \topmargin smaller to compensate:

(fancyhdr)                \addtolength{\topmargin}{-2.49998pt}.

[6 <./itr_5-eps-converted-to.pdf>] (./tmp2_6.tex

LaTeX Font Warning: Command \footnotesize invalid in math mode on input line 13
.


LaTeX Font Warning: Command \footnotesize invalid in math mode on input line 22
.

)
Package epstopdf Info: Source file: <itr_6.eps>
(epstopdf)                    date: 2023-10-23 07:38:40
(epstopdf)                    size: 206587 bytes
(epstopdf)             Output file: <itr_6-eps-converted-to.pdf>
(epstopdf)                    date: 2023-10-23 07:37:17
(epstopdf)                    size: 11892 bytes
(epstopdf)             Command: <repstopdf --outfile=itr_6-eps-converted-to.pdf
 itr_6.eps>
(epstopdf)             \includegraphics on input line 71.
runsystem(repstopdf --outfile=itr_6-eps-converted-to.pdf itr_6.eps)...executed 
safely (allowed).

Package epstopdf Info: Result file: <itr_6-eps-converted-to.pdf>
(epstopdf)                    date: 2023-10-23 07:38:48
(epstopdf)                    size: 11863 bytes.
<itr_6-eps-converted-to.pdf, id=118, 462.72874pt x 347.2975pt>
File: itr_6-eps-converted-to.pdf Graphic file (type pdf)
<use itr_6-eps-converted-to.pdf>
Package pdftex.def Info: itr_6-eps-converted-to.pdf  used on input line 71.
(pdftex.def)             Requested size: 398.33858pt x 298.97208pt.
 (./tmp1_6.tex)

Package fancyhdr Warning: \headheight is too small (12.0pt): 
(fancyhdr)                Make it at least 14.49998pt, for example:
(fancyhdr)                \setlength{\headheight}{14.49998pt}.
(fancyhdr)                You might also make \topmargin smaller to compensate:

(fancyhdr)                \addtolength{\topmargin}{-2.49998pt}.

[7 <./itr_6-eps-converted-to.pdf>] (./tmp2_7.tex

LaTeX Font Warning: Command \footnotesize invalid in math mode on input line 13
.


LaTeX Font Warning: Command \footnotesize invalid in math mode on input line 22
.

)
Package epstopdf Info: Source file: <itr_7.eps>
(epstopdf)                    date: 2023-10-23 07:38:41
(epstopdf)                    size: 206730 bytes
(epstopdf)             Output file: <itr_7-eps-converted-to.pdf>
(epstopdf)                    date: 2023-10-23 07:37:18
(epstopdf)                    size: 11957 bytes
(epstopdf)             Command: <repstopdf --outfile=itr_7-eps-converted-to.pdf
 itr_7.eps>
(epstopdf)             \includegraphics on input line 71.
runsystem(repstopdf --outfile=itr_7-eps-converted-to.pdf itr_7.eps)...executed 
safely (allowed).

Package epstopdf Info: Result file: <itr_7-eps-converted-to.pdf>
(epstopdf)                    date: 2023-10-23 07:38:48
(epstopdf)                    size: 11932 bytes.
<itr_7-eps-converted-to.pdf, id=133, 462.72874pt x 347.2975pt>
File: itr_7-eps-converted-to.pdf Graphic file (type pdf)
<use itr_7-eps-converted-to.pdf>
Package pdftex.def Info: itr_7-eps-converted-to.pdf  used on input line 71.
(pdftex.def)             Requested size: 398.33858pt x 298.97208pt.
 (./tmp1_7.tex)

Package fancyhdr Warning: \headheight is too small (12.0pt): 
(fancyhdr)                Make it at least 14.49998pt, for example:
(fancyhdr)                \setlength{\headheight}{14.49998pt}.
(fancyhdr)                You might also make \topmargin smaller to compensate:

(fancyhdr)                \addtolength{\topmargin}{-2.49998pt}.

[8 <./itr_7-eps-converted-to.pdf>] (./tmp2_8.tex

LaTeX Font Warning: Command \footnotesize invalid in math mode on input line 13
.


LaTeX Font Warning: Command \footnotesize invalid in math mode on input line 22
.

)
Package epstopdf Info: Source file: <itr_8.eps>
(epstopdf)                    date: 2023-10-23 07:38:41
(epstopdf)                    size: 206972 bytes
(epstopdf)             Output file: <itr_8-eps-converted-to.pdf>
(epstopdf)                    date: 2023-10-23 07:37:18
(epstopdf)                    size: 12142 bytes
(epstopdf)             Command: <repstopdf --outfile=itr_8-eps-converted-to.pdf
 itr_8.eps>
(epstopdf)             \includegraphics on input line 71.
runsystem(repstopdf --outfile=itr_8-eps-converted-to.pdf itr_8.eps)...executed 
safely (allowed).

Package epstopdf Info: Result file: <itr_8-eps-converted-to.pdf>
(epstopdf)                    date: 2023-10-23 07:38:49
(epstopdf)                    size: 12033 bytes.
<itr_8-eps-converted-to.pdf, id=149, 462.72874pt x 347.2975pt>
File: itr_8-eps-converted-to.pdf Graphic file (type pdf)
<use itr_8-eps-converted-to.pdf>
Package pdftex.def Info: itr_8-eps-converted-to.pdf  used on input line 71.
(pdftex.def)             Requested size: 398.33858pt x 298.97208pt.
 (./tmp1_8.tex)

Package fancyhdr Warning: \headheight is too small (12.0pt): 
(fancyhdr)                Make it at least 14.49998pt, for example:
(fancyhdr)                \setlength{\headheight}{14.49998pt}.
(fancyhdr)                You might also make \topmargin smaller to compensate:

(fancyhdr)                \addtolength{\topmargin}{-2.49998pt}.

[9 <./itr_8-eps-converted-to.pdf>] (./tmp2_9.tex

LaTeX Font Warning: Command \footnotesize invalid in math mode on input line 13
.


LaTeX Font Warning: Command \footnotesize invalid in math mode on input line 22
.

)
Package epstopdf Info: Source file: <itr_9.eps>
(epstopdf)                    date: 2023-10-23 07:38:42
(epstopdf)                    size: 207175 bytes
(epstopdf)             Output file: <itr_9-eps-converted-to.pdf>
(epstopdf)                    date: 2023-10-23 07:37:19
(epstopdf)                    size: 11885 bytes
(epstopdf)             Command: <repstopdf --outfile=itr_9-eps-converted-to.pdf
 itr_9.eps>
(epstopdf)             \includegraphics on input line 71.
runsystem(repstopdf --outfile=itr_9-eps-converted-to.pdf itr_9.eps)...executed 
safely (allowed).

Package epstopdf Info: Result file: <itr_9-eps-converted-to.pdf>
(epstopdf)                    date: 2023-10-23 07:38:49
(epstopdf)                    size: 12126 bytes.
<itr_9-eps-converted-to.pdf, id=164, 462.72874pt x 347.2975pt>
File: itr_9-eps-converted-to.pdf Graphic file (type pdf)
<use itr_9-eps-converted-to.pdf>
Package pdftex.def Info: itr_9-eps-converted-to.pdf  used on input line 71.
(pdftex.def)             Requested size: 398.33858pt x 298.97208pt.
 (./tmp1_9.tex)

Package fancyhdr Warning: \headheight is too small (12.0pt): 
(fancyhdr)                Make it at least 14.49998pt, for example:
(fancyhdr)                \setlength{\headheight}{14.49998pt}.
(fancyhdr)                You might also make \topmargin smaller to compensate:

(fancyhdr)                \addtolength{\topmargin}{-2.49998pt}.

[10 <./itr_9-eps-converted-to.pdf>] (./tmp2_10.tex

LaTeX Font Warning: Command \footnotesize invalid in math mode on input line 13
.


LaTeX Font Warning: Command \footnotesize invalid in math mode on input line 22
.

)
Package epstopdf Info: Source file: <itr_10.eps>
(epstopdf)                    date: 2023-10-23 07:38:43
(epstopdf)                    size: 207416 bytes
(epstopdf)             Output file: <itr_10-eps-converted-to.pdf>
(epstopdf)                    date: 2023-10-23 07:37:03
(epstopdf)                    size: 12154 bytes
(epstopdf)             Command: <repstopdf --outfile=itr_10-eps-converted-to.pd
f itr_10.eps>
(epstopdf)             \includegraphics on input line 71.
runsystem(repstopdf --outfile=itr_10-eps-converted-to.pdf itr_10.eps)...execute
d safely (allowed).

Package epstopdf Info: Result file: <itr_10-eps-converted-to.pdf>
(epstopdf)                    date: 2023-10-23 07:38:50
(epstopdf)                    size: 12221 bytes.
<itr_10-eps-converted-to.pdf, id=179, 462.72874pt x 347.2975pt>
File: itr_10-eps-converted-to.pdf Graphic file (type pdf)
<use itr_10-eps-converted-to.pdf>
Package pdftex.def Info: itr_10-eps-converted-to.pdf  used on input line 71.
(pdftex.def)             Requested size: 398.33858pt x 298.97208pt.
 (./tmp1_10.tex)

Package fancyhdr Warning: \headheight is too small (12.0pt): 
(fancyhdr)                Make it at least 14.49998pt, for example:
(fancyhdr)                \setlength{\headheight}{14.49998pt}.
(fancyhdr)                You might also make \topmargin smaller to compensate:

(fancyhdr)                \addtolength{\topmargin}{-2.49998pt}.

[11 <./itr_10-eps-converted-to.pdf>] (./tmp2_11.tex

LaTeX Font Warning: Command \footnotesize invalid in math mode on input line 13
.


LaTeX Font Warning: Command \footnotesize invalid in math mode on input line 22
.

)
Package epstopdf Info: Source file: <itr_11.eps>
(epstopdf)                    date: 2023-10-23 07:38:44
(epstopdf)                    size: 206562 bytes
(epstopdf)             Output file: <itr_11-eps-converted-to.pdf>
(epstopdf)                    date: 2023-10-23 07:37:04
(epstopdf)                    size: 11893 bytes
(epstopdf)             Command: <repstopdf --outfile=itr_11-eps-converted-to.pd
f itr_11.eps>
(epstopdf)             \includegraphics on input line 71.
runsystem(repstopdf --outfile=itr_11-eps-converted-to.pdf itr_11.eps)...execute
d safely (allowed).

Package epstopdf Info: Result file: <itr_11-eps-converted-to.pdf>
(epstopdf)                    date: 2023-10-23 07:38:50
(epstopdf)                    size: 11846 bytes.
<itr_11-eps-converted-to.pdf, id=194, 462.72874pt x 347.2975pt>
File: itr_11-eps-converted-to.pdf Graphic file (type pdf)
<use itr_11-eps-converted-to.pdf>
Package pdftex.def Info: itr_11-eps-converted-to.pdf  used on input line 71.
(pdftex.def)             Requested size: 398.33858pt x 298.97208pt.
 (./tmp1_11.tex)

Package fancyhdr Warning: \headheight is too small (12.0pt): 
(fancyhdr)                Make it at least 14.49998pt, for example:
(fancyhdr)                \setlength{\headheight}{14.49998pt}.
(fancyhdr)                You might also make \topmargin smaller to compensate:

(fancyhdr)                \addtolength{\topmargin}{-2.49998pt}.

[12 <./itr_11-eps-converted-to.pdf>] [13] (./iters_svanb.aux)
Package rerunfilecheck Info: File `iters_svanb.out' has not changed.
(rerunfilecheck)             Checksum: D41D8CD98F00B204E9800998ECF8427E;0.
 ) 
Here is how much of TeX's memory you used:
 15620 strings out of 480171
 271591 string characters out of 5894489
 532775 words of memory out of 5000000
 33157 multiletter control sequences out of 15000+600000
 484102 words of font info for 82 fonts, out of 8000000 for 9000
 59 hyphenation exceptions out of 8191
 60i,11n,63p,441b,451s stack positions out of 5000i,500n,10000p,200000b,80000s
</usr/share/texlive/texmf-dist/fonts/type1/public/amsfonts/cm/cmbx12.pfb></us
r/share/texlive/texmf-dist/fonts/type1/public/amsfonts/cm/cmmi10.pfb></usr/shar
e/texlive/texmf-dist/fonts/type1/public/amsfonts/cm/cmmi12.pfb></usr/share/texl
ive/texmf-dist/fonts/type1/public/amsfonts/cm/cmmi7.pfb></usr/share/texlive/tex
mf-dist/fonts/type1/public/amsfonts/cm/cmmi8.pfb></usr/share/texlive/texmf-dist
/fonts/type1/public/amsfonts/cm/cmr10.pfb></usr/share/texlive/texmf-dist/fonts/
type1/public/amsfonts/cm/cmr12.pfb></usr/share/texlive/texmf-dist/fonts/type1/p
ublic/amsfonts/cm/cmr17.pfb></usr/share/texlive/texmf-dist/fonts/type1/public/a
msfonts/cm/cmr8.pfb></usr/share/texlive/texmf-dist/fonts/type1/public/amsfonts/
cm/cmsy10.pfb></usr/share/texlive/texmf-dist/fonts/type1/public/amsfonts/cm/cmt
i12.pfb></usr/share/texlive/texmf-dist/fonts/type1/public/amsfonts/cm/cmtt10.pf
b>
Output written on iters_svanb.pdf (14 pages, 206969 bytes).
PDF statistics:
 267 PDF objects out of 1000 (max. 8388607)
 201 compressed objects within 3 object streams
 15 named destinations out of 1000 (max. 500000)
 61 words of extra memory for PDF output out of 10000 (max. 10000000)

