This is pdfTeX, Version 3.141592653-2.6-1.40.22 (TeX Live 2022/dev/Debian) (preloaded format=pdflatex 2023.5.31)  21 OCT 2023 15:03
entering extended mode
 restricted \write18 enabled.
 %&-line parsing enabled.
**slides.tex
(./slides.tex
LaTeX2e <2021-11-15> patch level 1
L3 programming layer <2022-01-21>
(/usr/share/texlive/texmf-dist/tex/latex/base/article.cls
Document Class: article 2021/10/04 v1.4n Standard LaTeX document class
(/usr/share/texlive/texmf-dist/tex/latex/base/size12.clo
File: size12.clo 2021/10/04 v1.4n Standard LaTeX file (size option)
)
\c@part=\count185
\c@section=\count186
\c@subsection=\count187
\c@subsubsection=\count188
\c@paragraph=\count189
\c@subparagraph=\count190
\c@figure=\count191
\c@table=\count192
\abovecaptionskip=\skip47
\belowcaptionskip=\skip48
\bibindent=\dimen138
)
(/usr/share/texlive/texmf-dist/tex/latex/graphics/graphicx.sty
Package: graphicx 2021/09/16 v1.2d Enhanced LaTeX Graphics (DPC,SPQR)

(/usr/share/texlive/texmf-dist/tex/latex/graphics/keyval.sty
Package: keyval 2014/10/28 v1.15 key=value parser (DPC)
\KV@toks@=\toks16
)
(/usr/share/texlive/texmf-dist/tex/latex/graphics/graphics.sty
Package: graphics 2021/03/04 v1.4d Standard LaTeX Graphics (DPC,SPQR)

(/usr/share/texlive/texmf-dist/tex/latex/graphics/trig.sty
Package: trig 2021/08/11 v1.11 sin cos tan (DPC)
)
(/usr/share/texlive/texmf-dist/tex/latex/graphics-cfg/graphics.cfg
File: graphics.cfg 2016/06/04 v1.11 sample graphics configuration
)
Package graphics Info: Driver file: pdftex.def on input line 107.

(/usr/share/texlive/texmf-dist/tex/latex/graphics-def/pdftex.def
File: pdftex.def 2020/10/05 v1.2a Graphics/color driver for pdftex
))
\Gin@req@height=\dimen139
\Gin@req@width=\dimen140
)
(/usr/share/texlive/texmf-dist/tex/latex/geometry/geometry.sty
Package: geometry 2020/01/02 v5.9 Page Geometry

(/usr/share/texlive/texmf-dist/tex/generic/iftex/ifvtex.sty
Package: ifvtex 2019/10/25 v1.7 ifvtex legacy package. Use iftex instead.

(/usr/share/texlive/texmf-dist/tex/generic/iftex/iftex.sty
Package: iftex 2020/03/06 v1.0d TeX engine tests
))
\Gm@cnth=\count193
\Gm@cntv=\count194
\c@Gm@tempcnt=\count195
\Gm@bindingoffset=\dimen141
\Gm@wd@mp=\dimen142
\Gm@odd@mp=\dimen143
\Gm@even@mp=\dimen144
\Gm@layoutwidth=\dimen145
\Gm@layoutheight=\dimen146
\Gm@layouthoffset=\dimen147
\Gm@layoutvoffset=\dimen148
\Gm@dimlist=\toks17
)
(/usr/share/texlive/texmf-dist/tex/latex/tools/multicol.sty
Package: multicol 2021/10/28 v1.9b multicolumn formatting (FMi)
\c@tracingmulticols=\count196
\mult@box=\box50
\multicol@leftmargin=\dimen149
\c@unbalance=\count197
\c@collectmore=\count198
\doublecol@number=\count199
\multicoltolerance=\count266
\multicolpretolerance=\count267
\full@width=\dimen150
\page@free=\dimen151
\premulticols=\dimen152
\postmulticols=\dimen153
\multicolsep=\skip49
\multicolbaselineskip=\skip50
\partial@page=\box51
\last@line=\box52
\maxbalancingoverflow=\dimen154
\mult@rightbox=\box53
\mult@grightbox=\box54
\mult@firstbox=\box55
\mult@gfirstbox=\box56
\@tempa=\box57
\@tempa=\box58
\@tempa=\box59
\@tempa=\box60
\@tempa=\box61
\@tempa=\box62
\@tempa=\box63
\@tempa=\box64
\@tempa=\box65
\@tempa=\box66
\@tempa=\box67
\@tempa=\box68
\@tempa=\box69
\@tempa=\box70
\@tempa=\box71
\@tempa=\box72
\@tempa=\box73
\@tempa=\box74
\@tempa=\box75
\@tempa=\box76
\@tempa=\box77
\@tempa=\box78
\@tempa=\box79
\@tempa=\box80
\@tempa=\box81
\@tempa=\box82
\@tempa=\box83
\@tempa=\box84
\@tempa=\box85
\@tempa=\box86
\@tempa=\box87
\@tempa=\box88
\@tempa=\box89
\@tempa=\box90
\@tempa=\box91
\@tempa=\box92
\c@minrows=\count268
\c@columnbadness=\count269
\c@finalcolumnbadness=\count270
\last@try=\dimen155
\multicolovershoot=\dimen156
\multicolundershoot=\dimen157
\mult@nat@firstbox=\box93
\colbreak@box=\box94
\mc@col@check@num=\count271
)
(/usr/share/texlive/texmf-dist/tex/latex/pgf/utilities/pgffor.sty
(/usr/share/texlive/texmf-dist/tex/latex/pgf/utilities/pgfrcs.sty
(/usr/share/texlive/texmf-dist/tex/generic/pgf/utilities/pgfutil-common.tex
\pgfutil@everybye=\toks18
\pgfutil@tempdima=\dimen158
\pgfutil@tempdimb=\dimen159

(/usr/share/texlive/texmf-dist/tex/generic/pgf/utilities/pgfutil-common-lists.t
ex)) (/usr/share/texlive/texmf-dist/tex/generic/pgf/utilities/pgfutil-latex.def
\pgfutil@abb=\box95
) (/usr/share/texlive/texmf-dist/tex/generic/pgf/utilities/pgfrcs.code.tex
(/usr/share/texlive/texmf-dist/tex/generic/pgf/pgf.revision.tex)
Package: pgfrcs 2021/05/15 v3.1.9a (3.1.9a)
))
(/usr/share/texlive/texmf-dist/tex/latex/pgf/utilities/pgfkeys.sty
(/usr/share/texlive/texmf-dist/tex/generic/pgf/utilities/pgfkeys.code.tex
\pgfkeys@pathtoks=\toks19
\pgfkeys@temptoks=\toks20

(/usr/share/texlive/texmf-dist/tex/generic/pgf/utilities/pgfkeysfiltered.code.t
ex
\pgfkeys@tmptoks=\toks21
))) (/usr/share/texlive/texmf-dist/tex/latex/pgf/math/pgfmath.sty
(/usr/share/texlive/texmf-dist/tex/generic/pgf/math/pgfmath.code.tex
(/usr/share/texlive/texmf-dist/tex/generic/pgf/math/pgfmathcalc.code.tex
(/usr/share/texlive/texmf-dist/tex/generic/pgf/math/pgfmathutil.code.tex
\pgf@x=\dimen160
\pgf@xa=\dimen161
\pgf@xb=\dimen162
\pgf@xc=\dimen163
\pgf@y=\dimen164
\pgf@ya=\dimen165
\pgf@yb=\dimen166
\pgf@yc=\dimen167
\c@pgf@counta=\count272
\c@pgf@countb=\count273
\c@pgf@countc=\count274
\c@pgf@countd=\count275
)
(/usr/share/texlive/texmf-dist/tex/generic/pgf/math/pgfmathparser.code.tex
\pgfmath@dimen=\dimen168
\pgfmath@count=\count276
\pgfmath@box=\box96
\pgfmath@toks=\toks22
\pgfmath@stack@operand=\toks23
\pgfmath@stack@operation=\toks24
)
(/usr/share/texlive/texmf-dist/tex/generic/pgf/math/pgfmathfunctions.code.tex
(/usr/share/texlive/texmf-dist/tex/generic/pgf/math/pgfmathfunctions.basic.code
.tex)
(/usr/share/texlive/texmf-dist/tex/generic/pgf/math/pgfmathfunctions.trigonomet
ric.code.tex)
(/usr/share/texlive/texmf-dist/tex/generic/pgf/math/pgfmathfunctions.random.cod
e.tex)
(/usr/share/texlive/texmf-dist/tex/generic/pgf/math/pgfmathfunctions.comparison
.code.tex)
(/usr/share/texlive/texmf-dist/tex/generic/pgf/math/pgfmathfunctions.base.code.
tex)
(/usr/share/texlive/texmf-dist/tex/generic/pgf/math/pgfmathfunctions.round.code
.tex)
(/usr/share/texlive/texmf-dist/tex/generic/pgf/math/pgfmathfunctions.misc.code.
tex)
(/usr/share/texlive/texmf-dist/tex/generic/pgf/math/pgfmathfunctions.integerari
thmetics.code.tex)))
(/usr/share/texlive/texmf-dist/tex/generic/pgf/math/pgfmathfloat.code.tex
\c@pgfmathroundto@lastzeros=\count277
)))
(/usr/share/texlive/texmf-dist/tex/generic/pgf/utilities/pgffor.code.tex
Package: pgffor 2021/05/15 v3.1.9a (3.1.9a)

(/usr/share/texlive/texmf-dist/tex/generic/pgf/math/pgfmath.code.tex)
\pgffor@iter=\dimen169
\pgffor@skip=\dimen170
\pgffor@stack=\toks25
\pgffor@toks=\toks26
))
(/usr/share/texlive/texmf-dist/tex/latex/tools/verbatim.sty
Package: verbatim 2020-07-07 v1.5u LaTeX2e package for verbatim enhancements
\every@verbatim=\toks27
\verbatim@line=\toks28
\verbatim@in@stream=\read2
)
(/usr/share/texlive/texmf-dist/tex/latex/amsmath/amsmath.sty
Package: amsmath 2021/10/15 v2.17l AMS math features
\@mathmargin=\skip51

For additional information on amsmath, use the `?' option.
(/usr/share/texlive/texmf-dist/tex/latex/amsmath/amstext.sty
Package: amstext 2021/08/26 v2.01 AMS text

(/usr/share/texlive/texmf-dist/tex/latex/amsmath/amsgen.sty
File: amsgen.sty 1999/11/30 v2.0 generic functions
\@emptytoks=\toks29
\ex@=\dimen171
))
(/usr/share/texlive/texmf-dist/tex/latex/amsmath/amsbsy.sty
Package: amsbsy 1999/11/29 v1.2d Bold Symbols
\pmbraise@=\dimen172
)
(/usr/share/texlive/texmf-dist/tex/latex/amsmath/amsopn.sty
Package: amsopn 2021/08/26 v2.02 operator names
)
\inf@bad=\count278
LaTeX Info: Redefining \frac on input line 234.
\uproot@=\count279
\leftroot@=\count280
LaTeX Info: Redefining \overline on input line 399.
\classnum@=\count281
\DOTSCASE@=\count282
LaTeX Info: Redefining \ldots on input line 496.
LaTeX Info: Redefining \dots on input line 499.
LaTeX Info: Redefining \cdots on input line 620.
\Mathstrutbox@=\box97
\strutbox@=\box98
\big@size=\dimen173
LaTeX Font Info:    Redeclaring font encoding OML on input line 743.
LaTeX Font Info:    Redeclaring font encoding OMS on input line 744.
\macc@depth=\count283
\c@MaxMatrixCols=\count284
\dotsspace@=\muskip16
\c@parentequation=\count285
\dspbrk@lvl=\count286
\tag@help=\toks30
\row@=\count287
\column@=\count288
\maxfields@=\count289
\andhelp@=\toks31
\eqnshift@=\dimen174
\alignsep@=\dimen175
\tagshift@=\dimen176
\tagwidth@=\dimen177
\totwidth@=\dimen178
\lineht@=\dimen179
\@envbody=\toks32
\multlinegap=\skip52
\multlinetaggap=\skip53
\mathdisplay@stack=\toks33
LaTeX Info: Redefining \[ on input line 2938.
LaTeX Info: Redefining \] on input line 2939.
)
(/usr/share/texlive/texmf-dist/tex/latex/tools/bm.sty
Package: bm 2021/04/25 v1.2e Bold Symbol Support (DPC/FMi)
\symboldoperators=\mathgroup4
\symboldletters=\mathgroup5
\symboldsymbols=\mathgroup6
Package bm Info: No bold for \OMX/cmex/m/n, using \pmb.
LaTeX Font Info:    Redeclaring math alphabet \mathbf on input line 149.
)
(/usr/share/texlive/texmf-dist/tex/latex/jknapltx/mathrsfs.sty
Package: mathrsfs 1996/01/01 Math RSFS package v1.0 (jk)
\symrsfs=\mathgroup7
)
(/usr/share/texlive/texmf-dist/tex/latex/fancyhdr/fancyhdr.sty
Package: fancyhdr 2021/01/28 v4.0.1 Extensive control of page headers and foote
rs
\f@nch@headwidth=\skip54
\f@nch@O@elh=\skip55
\f@nch@O@erh=\skip56
\f@nch@O@olh=\skip57
\f@nch@O@orh=\skip58
\f@nch@O@elf=\skip59
\f@nch@O@erf=\skip60
\f@nch@O@olf=\skip61
\f@nch@O@orf=\skip62
)
(/usr/share/texlive/texmf-dist/tex/latex/sectsty/sectsty.sty
Package: sectsty 2002/02/25 v2.0.2 Commands to change all sectional heading sty
les


LaTeX Warning: Command \underbar  has changed.
               Check if current package is valid.


LaTeX Warning: Command \underline  has changed.
               Check if current package is valid.

) (/usr/share/texlive/texmf-dist/tex/latex/l3backend/l3backend-pdftex.def
File: l3backend-pdftex.def 2022-01-12 L3 backend support: PDF output (pdfTeX)
\l__color_backend_stack_int=\count290
\l__pdf_internal_box=\box99
)
(./slides.aux)
\openout1 = `slides.aux'.

LaTeX Font Info:    Checking defaults for OML/cmm/m/it on input line 22.
LaTeX Font Info:    ... okay on input line 22.
LaTeX Font Info:    Checking defaults for OMS/cmsy/m/n on input line 22.
LaTeX Font Info:    ... okay on input line 22.
LaTeX Font Info:    Checking defaults for OT1/cmr/m/n on input line 22.
LaTeX Font Info:    ... okay on input line 22.
LaTeX Font Info:    Checking defaults for T1/cmr/m/n on input line 22.
LaTeX Font Info:    ... okay on input line 22.
LaTeX Font Info:    Checking defaults for TS1/cmr/m/n on input line 22.
LaTeX Font Info:    ... okay on input line 22.
LaTeX Font Info:    Checking defaults for OMX/cmex/m/n on input line 22.
LaTeX Font Info:    ... okay on input line 22.
LaTeX Font Info:    Checking defaults for U/cmr/m/n on input line 22.
LaTeX Font Info:    ... okay on input line 22.

(/usr/share/texlive/texmf-dist/tex/context/base/mkii/supp-pdf.mkii
[Loading MPS to PDF converter (version 2006.09.02).]
\scratchcounter=\count291
\scratchdimen=\dimen180
\scratchbox=\box100
\nofMPsegments=\count292
\nofMParguments=\count293
\everyMPshowfont=\toks34
\MPscratchCnt=\count294
\MPscratchDim=\dimen181
\MPnumerator=\count295
\makeMPintoPDFobject=\count296
\everyMPtoPDFconversion=\toks35
) (/usr/share/texlive/texmf-dist/tex/latex/epstopdf-pkg/epstopdf-base.sty
Package: epstopdf-base 2020-01-24 v2.11 Base part for package epstopdf
Package epstopdf-base Info: Redefining graphics rule for `.eps' on input line 4
85.

(/usr/share/texlive/texmf-dist/tex/latex/latexconfig/epstopdf-sys.cfg
File: epstopdf-sys.cfg 2010/07/13 v1.3 Configuration of (r)epstopdf for TeX Liv
e
))
*geometry* driver: auto-detecting
*geometry* detected driver: pdftex
*geometry* verbose mode - [ preamble ] result:
* driver: pdftex
* paper: <default>
* layout: <same size as paper>
* layoutoffset:(h,v)=(0.0pt,0.0pt)
* modes: landscape 
* h-part:(L,W,R)=(56.9055pt, 681.15898pt, 56.9055pt)
* v-part:(T,H,B)=(56.9055pt, 500.484pt, 56.9055pt)
* \paperwidth=794.96999pt
* \paperheight=614.295pt
* \textwidth=681.15898pt
* \textheight=500.484pt
* \oddsidemargin=-15.36449pt
* \evensidemargin=-15.36449pt
* \topmargin=-52.36449pt
* \headheight=12.0pt
* \headsep=25.0pt
* \topskip=12.0pt
* \footskip=30.0pt
* \marginparwidth=44.0pt
* \marginparsep=10.0pt
* \columnsep=10.0pt
* \skip\footins=10.8pt plus 4.0pt minus 2.0pt
* \hoffset=0.0pt
* \voffset=0.0pt
* \mag=1000
* \@twocolumnfalse
* \@twosidefalse
* \@mparswitchfalse
* \@reversemarginfalse
* (1in=72.27pt=25.4mm, 1cm=28.453pt)

[1

{/var/lib/texmf/fonts/map/pdftex/updmap/pdftex.map}] (./tmp2_0.tex
LaTeX Font Info:    Trying to load font information for U+rsfs on input line 1.


(/usr/share/texlive/texmf-dist/tex/latex/jknapltx/ursfs.fd
File: ursfs.fd 1998/03/24 rsfs font definition file (jk)
)

LaTeX Font Warning: Command \footnotesize invalid in math mode on input line 13
.


LaTeX Font Warning: Command \footnotesize invalid in math mode on input line 22
.

)
Package epstopdf Info: Source file: <itr_0.eps>
(epstopdf)                    date: 2023-10-21 15:03:16
(epstopdf)                    size: 206577 bytes
(epstopdf)             Output file: <itr_0-eps-converted-to.pdf>
(epstopdf)                    date: 2023-10-21 14:55:43
(epstopdf)                    size: 11858 bytes
(epstopdf)             Command: <repstopdf --outfile=itr_0-eps-converted-to.pdf
 itr_0.eps>
(epstopdf)             \includegraphics on input line 60.
runsystem(repstopdf --outfile=itr_0-eps-converted-to.pdf itr_0.eps)...executed 
safely (allowed).

Package epstopdf Info: Result file: <itr_0-eps-converted-to.pdf>
(epstopdf)                    date: 2023-10-21 15:03:52
(epstopdf)                    size: 11858 bytes.
<itr_0-eps-converted-to.pdf, id=7, 462.72874pt x 347.2975pt>
File: itr_0-eps-converted-to.pdf Graphic file (type pdf)
<use itr_0-eps-converted-to.pdf>
Package pdftex.def Info: itr_0-eps-converted-to.pdf  used on input line 60.
(pdftex.def)             Requested size: 398.33858pt x 298.97208pt.
 (./tmp1_0.tex)

Package fancyhdr Warning: \headheight is too small (12.0pt): 
(fancyhdr)                Make it at least 14.49998pt, for example:
(fancyhdr)                \setlength{\headheight}{14.49998pt}.
(fancyhdr)                You might also make \topmargin smaller to compensate:

(fancyhdr)                \addtolength{\topmargin}{-2.49998pt}.

[1 <./itr_0-eps-converted-to.pdf>] (./tmp2_1.tex

LaTeX Font Warning: Command \footnotesize invalid in math mode on input line 13
.


LaTeX Font Warning: Command \footnotesize invalid in math mode on input line 22
.

)
Package epstopdf Info: Source file: <itr_1.eps>
(epstopdf)                    date: 2023-10-21 15:03:17
(epstopdf)                    size: 206858 bytes
(epstopdf)             Output file: <itr_1-eps-converted-to.pdf>
(epstopdf)                    date: 2023-10-21 14:55:43
(epstopdf)                    size: 12030 bytes
(epstopdf)             Command: <repstopdf --outfile=itr_1-eps-converted-to.pdf
 itr_1.eps>
(epstopdf)             \includegraphics on input line 60.
runsystem(repstopdf --outfile=itr_1-eps-converted-to.pdf itr_1.eps)...executed 
safely (allowed).

Package epstopdf Info: Result file: <itr_1-eps-converted-to.pdf>
(epstopdf)                    date: 2023-10-21 15:03:52
(epstopdf)                    size: 12030 bytes.
<itr_1-eps-converted-to.pdf, id=35, 462.72874pt x 347.2975pt>
File: itr_1-eps-converted-to.pdf Graphic file (type pdf)
<use itr_1-eps-converted-to.pdf>
Package pdftex.def Info: itr_1-eps-converted-to.pdf  used on input line 60.
(pdftex.def)             Requested size: 398.33858pt x 298.97208pt.
 (./tmp1_1.tex)

Package fancyhdr Warning: \headheight is too small (12.0pt): 
(fancyhdr)                Make it at least 14.49998pt, for example:
(fancyhdr)                \setlength{\headheight}{14.49998pt}.
(fancyhdr)                You might also make \topmargin smaller to compensate:

(fancyhdr)                \addtolength{\topmargin}{-2.49998pt}.

[2 <./itr_1-eps-converted-to.pdf>] (./tmp2_2.tex

LaTeX Font Warning: Command \footnotesize invalid in math mode on input line 13
.


LaTeX Font Warning: Command \footnotesize invalid in math mode on input line 22
.

)
Package epstopdf Info: Source file: <itr_2.eps>
(epstopdf)                    date: 2023-10-21 15:03:18
(epstopdf)                    size: 207143 bytes
(epstopdf)             Output file: <itr_2-eps-converted-to.pdf>
(epstopdf)                    date: 2023-10-21 14:55:44
(epstopdf)                    size: 12146 bytes
(epstopdf)             Command: <repstopdf --outfile=itr_2-eps-converted-to.pdf
 itr_2.eps>
(epstopdf)             \includegraphics on input line 60.
runsystem(repstopdf --outfile=itr_2-eps-converted-to.pdf itr_2.eps)...executed 
safely (allowed).

Package epstopdf Info: Result file: <itr_2-eps-converted-to.pdf>
(epstopdf)                    date: 2023-10-21 15:03:53
(epstopdf)                    size: 12146 bytes.
<itr_2-eps-converted-to.pdf, id=49, 462.72874pt x 347.2975pt>
File: itr_2-eps-converted-to.pdf Graphic file (type pdf)
<use itr_2-eps-converted-to.pdf>
Package pdftex.def Info: itr_2-eps-converted-to.pdf  used on input line 60.
(pdftex.def)             Requested size: 398.33858pt x 298.97208pt.
 (./tmp1_2.tex)

Package fancyhdr Warning: \headheight is too small (12.0pt): 
(fancyhdr)                Make it at least 14.49998pt, for example:
(fancyhdr)                \setlength{\headheight}{14.49998pt}.
(fancyhdr)                You might also make \topmargin smaller to compensate:

(fancyhdr)                \addtolength{\topmargin}{-2.49998pt}.

[3 <./itr_2-eps-converted-to.pdf>] (./tmp2_3.tex

LaTeX Font Warning: Command \footnotesize invalid in math mode on input line 13
.


LaTeX Font Warning: Command \footnotesize invalid in math mode on input line 22
.

)
Package epstopdf Info: Source file: <itr_3.eps>
(epstopdf)                    date: 2023-10-21 15:03:19
(epstopdf)                    size: 207631 bytes
(epstopdf)             Output file: <itr_3-eps-converted-to.pdf>
(epstopdf)                    date: 2023-10-21 14:55:45
(epstopdf)                    size: 12350 bytes
(epstopdf)             Command: <repstopdf --outfile=itr_3-eps-converted-to.pdf
 itr_3.eps>
(epstopdf)             \includegraphics on input line 60.
runsystem(repstopdf --outfile=itr_3-eps-converted-to.pdf itr_3.eps)...executed 
safely (allowed).

Package epstopdf Info: Result file: <itr_3-eps-converted-to.pdf>
(epstopdf)                    date: 2023-10-21 15:03:54
(epstopdf)                    size: 12350 bytes.
<itr_3-eps-converted-to.pdf, id=63, 462.72874pt x 347.2975pt>
File: itr_3-eps-converted-to.pdf Graphic file (type pdf)
<use itr_3-eps-converted-to.pdf>
Package pdftex.def Info: itr_3-eps-converted-to.pdf  used on input line 60.
(pdftex.def)             Requested size: 398.33858pt x 298.97208pt.
 (./tmp1_3.tex)

Package fancyhdr Warning: \headheight is too small (12.0pt): 
(fancyhdr)                Make it at least 14.49998pt, for example:
(fancyhdr)                \setlength{\headheight}{14.49998pt}.
(fancyhdr)                You might also make \topmargin smaller to compensate:

(fancyhdr)                \addtolength{\topmargin}{-2.49998pt}.

[4 <./itr_3-eps-converted-to.pdf>] (./tmp2_4.tex

LaTeX Font Warning: Command \footnotesize invalid in math mode on input line 13
.


LaTeX Font Warning: Command \footnotesize invalid in math mode on input line 22
.

)
Package epstopdf Info: Source file: <itr_4.eps>
(epstopdf)                    date: 2023-10-21 15:03:20
(epstopdf)                    size: 206456 bytes
(epstopdf)             Output file: <itr_4-eps-converted-to.pdf>
(epstopdf)                    date: 2023-10-21 14:55:46
(epstopdf)                    size: 11822 bytes
(epstopdf)             Command: <repstopdf --outfile=itr_4-eps-converted-to.pdf
 itr_4.eps>
(epstopdf)             \includegraphics on input line 60.
runsystem(repstopdf --outfile=itr_4-eps-converted-to.pdf itr_4.eps)...executed 
safely (allowed).

Package epstopdf Info: Result file: <itr_4-eps-converted-to.pdf>
(epstopdf)                    date: 2023-10-21 15:03:55
(epstopdf)                    size: 11822 bytes.
<itr_4-eps-converted-to.pdf, id=77, 462.72874pt x 347.2975pt>
File: itr_4-eps-converted-to.pdf Graphic file (type pdf)
<use itr_4-eps-converted-to.pdf>
Package pdftex.def Info: itr_4-eps-converted-to.pdf  used on input line 60.
(pdftex.def)             Requested size: 398.33858pt x 298.97208pt.
 (./tmp1_4.tex)

Package fancyhdr Warning: \headheight is too small (12.0pt): 
(fancyhdr)                Make it at least 14.49998pt, for example:
(fancyhdr)                \setlength{\headheight}{14.49998pt}.
(fancyhdr)                You might also make \topmargin smaller to compensate:

(fancyhdr)                \addtolength{\topmargin}{-2.49998pt}.

[5 <./itr_4-eps-converted-to.pdf>] (./tmp2_5.tex

LaTeX Font Warning: Command \footnotesize invalid in math mode on input line 13
.


LaTeX Font Warning: Command \footnotesize invalid in math mode on input line 22
.

)
Package epstopdf Info: Source file: <itr_5.eps>
(epstopdf)                    date: 2023-10-21 15:03:21
(epstopdf)                    size: 206776 bytes
(epstopdf)             Output file: <itr_5-eps-converted-to.pdf>
(epstopdf)                    date: 2023-10-21 14:55:46
(epstopdf)                    size: 11936 bytes
(epstopdf)             Command: <repstopdf --outfile=itr_5-eps-converted-to.pdf
 itr_5.eps>
(epstopdf)             \includegraphics on input line 60.
runsystem(repstopdf --outfile=itr_5-eps-converted-to.pdf itr_5.eps)...executed 
safely (allowed).

Package epstopdf Info: Result file: <itr_5-eps-converted-to.pdf>
(epstopdf)                    date: 2023-10-21 15:03:56
(epstopdf)                    size: 11936 bytes.
<itr_5-eps-converted-to.pdf, id=91, 462.72874pt x 347.2975pt>
File: itr_5-eps-converted-to.pdf Graphic file (type pdf)
<use itr_5-eps-converted-to.pdf>
Package pdftex.def Info: itr_5-eps-converted-to.pdf  used on input line 60.
(pdftex.def)             Requested size: 398.33858pt x 298.97208pt.
 (./tmp1_5.tex)

Package fancyhdr Warning: \headheight is too small (12.0pt): 
(fancyhdr)                Make it at least 14.49998pt, for example:
(fancyhdr)                \setlength{\headheight}{14.49998pt}.
(fancyhdr)                You might also make \topmargin smaller to compensate:

(fancyhdr)                \addtolength{\topmargin}{-2.49998pt}.

[6 <./itr_5-eps-converted-to.pdf>] (./tmp2_6.tex

LaTeX Font Warning: Command \footnotesize invalid in math mode on input line 13
.


LaTeX Font Warning: Command \footnotesize invalid in math mode on input line 22
.

)
Package epstopdf Info: Source file: <itr_6.eps>
(epstopdf)                    date: 2023-10-21 15:03:22
(epstopdf)                    size: 205300 bytes
(epstopdf)             Output file: <itr_6-eps-converted-to.pdf>
(epstopdf)                    date: 2023-10-21 14:55:47
(epstopdf)                    size: 11548 bytes
(epstopdf)             Command: <repstopdf --outfile=itr_6-eps-converted-to.pdf
 itr_6.eps>
(epstopdf)             \includegraphics on input line 60.
runsystem(repstopdf --outfile=itr_6-eps-converted-to.pdf itr_6.eps)...executed 
safely (allowed).

Package epstopdf Info: Result file: <itr_6-eps-converted-to.pdf>
(epstopdf)                    date: 2023-10-21 15:03:56
(epstopdf)                    size: 11548 bytes.
<itr_6-eps-converted-to.pdf, id=106, 462.72874pt x 347.2975pt>
File: itr_6-eps-converted-to.pdf Graphic file (type pdf)
<use itr_6-eps-converted-to.pdf>
Package pdftex.def Info: itr_6-eps-converted-to.pdf  used on input line 60.
(pdftex.def)             Requested size: 398.33858pt x 298.97208pt.
 (./tmp1_6.tex)

Package fancyhdr Warning: \headheight is too small (12.0pt): 
(fancyhdr)                Make it at least 14.49998pt, for example:
(fancyhdr)                \setlength{\headheight}{14.49998pt}.
(fancyhdr)                You might also make \topmargin smaller to compensate:

(fancyhdr)                \addtolength{\topmargin}{-2.49998pt}.

[7 <./itr_6-eps-converted-to.pdf>] (./tmp2_7.tex

LaTeX Font Warning: Command \footnotesize invalid in math mode on input line 13
.


LaTeX Font Warning: Command \footnotesize invalid in math mode on input line 22
.

)
Package epstopdf Info: Source file: <itr_7.eps>
(epstopdf)                    date: 2023-10-21 15:03:22
(epstopdf)                    size: 205456 bytes
(epstopdf)             Output file: <itr_7-eps-converted-to.pdf>
(epstopdf)                    date: 2023-10-21 14:55:48
(epstopdf)                    size: 11625 bytes
(epstopdf)             Command: <repstopdf --outfile=itr_7-eps-converted-to.pdf
 itr_7.eps>
(epstopdf)             \includegraphics on input line 60.
runsystem(repstopdf --outfile=itr_7-eps-converted-to.pdf itr_7.eps)...executed 
safely (allowed).

Package epstopdf Info: Result file: <itr_7-eps-converted-to.pdf>
(epstopdf)                    date: 2023-10-21 15:03:57
(epstopdf)                    size: 11625 bytes.
<itr_7-eps-converted-to.pdf, id=120, 462.72874pt x 347.2975pt>
File: itr_7-eps-converted-to.pdf Graphic file (type pdf)
<use itr_7-eps-converted-to.pdf>
Package pdftex.def Info: itr_7-eps-converted-to.pdf  used on input line 60.
(pdftex.def)             Requested size: 398.33858pt x 298.97208pt.
 (./tmp1_7.tex)

Package fancyhdr Warning: \headheight is too small (12.0pt): 
(fancyhdr)                Make it at least 14.49998pt, for example:
(fancyhdr)                \setlength{\headheight}{14.49998pt}.
(fancyhdr)                You might also make \topmargin smaller to compensate:

(fancyhdr)                \addtolength{\topmargin}{-2.49998pt}.

[8 <./itr_7-eps-converted-to.pdf>] (./tmp2_8.tex

LaTeX Font Warning: Command \footnotesize invalid in math mode on input line 13
.


LaTeX Font Warning: Command \footnotesize invalid in math mode on input line 22
.

)
Package epstopdf Info: Source file: <itr_8.eps>
(epstopdf)                    date: 2023-10-21 15:03:23
(epstopdf)                    size: 206798 bytes
(epstopdf)             Output file: <itr_8-eps-converted-to.pdf>
(epstopdf)                    date: 2023-10-21 14:55:49
(epstopdf)                    size: 11966 bytes
(epstopdf)             Command: <repstopdf --outfile=itr_8-eps-converted-to.pdf
 itr_8.eps>
(epstopdf)             \includegraphics on input line 60.
runsystem(repstopdf --outfile=itr_8-eps-converted-to.pdf itr_8.eps)...executed 
safely (allowed).

Package epstopdf Info: Result file: <itr_8-eps-converted-to.pdf>
(epstopdf)                    date: 2023-10-21 15:03:58
(epstopdf)                    size: 11966 bytes.
<itr_8-eps-converted-to.pdf, id=134, 462.72874pt x 347.2975pt>
File: itr_8-eps-converted-to.pdf Graphic file (type pdf)
<use itr_8-eps-converted-to.pdf>
Package pdftex.def Info: itr_8-eps-converted-to.pdf  used on input line 60.
(pdftex.def)             Requested size: 398.33858pt x 298.97208pt.
 (./tmp1_8.tex)

Package fancyhdr Warning: \headheight is too small (12.0pt): 
(fancyhdr)                Make it at least 14.49998pt, for example:
(fancyhdr)                \setlength{\headheight}{14.49998pt}.
(fancyhdr)                You might also make \topmargin smaller to compensate:

(fancyhdr)                \addtolength{\topmargin}{-2.49998pt}.

[9 <./itr_8-eps-converted-to.pdf>] (./tmp2_9.tex

LaTeX Font Warning: Command \footnotesize invalid in math mode on input line 13
.


LaTeX Font Warning: Command \footnotesize invalid in math mode on input line 22
.

)
Package epstopdf Info: Source file: <itr_9.eps>
(epstopdf)                    date: 2023-10-21 15:03:24
(epstopdf)                    size: 207123 bytes
(epstopdf)             Output file: <itr_9-eps-converted-to.pdf>
(epstopdf)                    date: 2023-10-21 14:55:49
(epstopdf)                    size: 12107 bytes
(epstopdf)             Command: <repstopdf --outfile=itr_9-eps-converted-to.pdf
 itr_9.eps>
(epstopdf)             \includegraphics on input line 60.
runsystem(repstopdf --outfile=itr_9-eps-converted-to.pdf itr_9.eps)...executed 
safely (allowed).

Package epstopdf Info: Result file: <itr_9-eps-converted-to.pdf>
(epstopdf)                    date: 2023-10-21 15:03:59
(epstopdf)                    size: 12107 bytes.
<itr_9-eps-converted-to.pdf, id=149, 462.72874pt x 347.2975pt>
File: itr_9-eps-converted-to.pdf Graphic file (type pdf)
<use itr_9-eps-converted-to.pdf>
Package pdftex.def Info: itr_9-eps-converted-to.pdf  used on input line 60.
(pdftex.def)             Requested size: 398.33858pt x 298.97208pt.
 (./tmp1_9.tex)

Package fancyhdr Warning: \headheight is too small (12.0pt): 
(fancyhdr)                Make it at least 14.49998pt, for example:
(fancyhdr)                \setlength{\headheight}{14.49998pt}.
(fancyhdr)                You might also make \topmargin smaller to compensate:

(fancyhdr)                \addtolength{\topmargin}{-2.49998pt}.

[10 <./itr_9-eps-converted-to.pdf>] (./tmp2_10.tex

LaTeX Font Warning: Command \footnotesize invalid in math mode on input line 13
.


LaTeX Font Warning: Command \footnotesize invalid in math mode on input line 22
.

)
Package epstopdf Info: Source file: <itr_10.eps>
(epstopdf)                    date: 2023-10-21 15:03:25
(epstopdf)                    size: 207229 bytes
(epstopdf)             Output file: <itr_10-eps-converted-to.pdf>
(epstopdf)                    date: 2023-10-21 14:55:50
(epstopdf)                    size: 12157 bytes
(epstopdf)             Command: <repstopdf --outfile=itr_10-eps-converted-to.pd
f itr_10.eps>
(epstopdf)             \includegraphics on input line 60.
runsystem(repstopdf --outfile=itr_10-eps-converted-to.pdf itr_10.eps)...execute
d safely (allowed).

Package epstopdf Info: Result file: <itr_10-eps-converted-to.pdf>
(epstopdf)                    date: 2023-10-21 15:03:59
(epstopdf)                    size: 12157 bytes.
<itr_10-eps-converted-to.pdf, id=163, 462.72874pt x 347.2975pt>
File: itr_10-eps-converted-to.pdf Graphic file (type pdf)
<use itr_10-eps-converted-to.pdf>
Package pdftex.def Info: itr_10-eps-converted-to.pdf  used on input line 60.
(pdftex.def)             Requested size: 398.33858pt x 298.97208pt.
 (./tmp1_10.tex)

Package fancyhdr Warning: \headheight is too small (12.0pt): 
(fancyhdr)                Make it at least 14.49998pt, for example:
(fancyhdr)                \setlength{\headheight}{14.49998pt}.
(fancyhdr)                You might also make \topmargin smaller to compensate:

(fancyhdr)                \addtolength{\topmargin}{-2.49998pt}.

[11 <./itr_10-eps-converted-to.pdf>] (./tmp2_11.tex

LaTeX Font Warning: Command \footnotesize invalid in math mode on input line 13
.


LaTeX Font Warning: Command \footnotesize invalid in math mode on input line 22
.

)
Package epstopdf Info: Source file: <itr_11.eps>
(epstopdf)                    date: 2023-10-21 15:03:26
(epstopdf)                    size: 207474 bytes
(epstopdf)             Output file: <itr_11-eps-converted-to.pdf>
(epstopdf)                    date: 2023-10-21 14:55:51
(epstopdf)                    size: 12261 bytes
(epstopdf)             Command: <repstopdf --outfile=itr_11-eps-converted-to.pd
f itr_11.eps>
(epstopdf)             \includegraphics on input line 60.
runsystem(repstopdf --outfile=itr_11-eps-converted-to.pdf itr_11.eps)...execute
d safely (allowed).

Package epstopdf Info: Result file: <itr_11-eps-converted-to.pdf>
(epstopdf)                    date: 2023-10-21 15:04:00
(epstopdf)                    size: 12261 bytes.
<itr_11-eps-converted-to.pdf, id=177, 462.72874pt x 347.2975pt>
File: itr_11-eps-converted-to.pdf Graphic file (type pdf)
<use itr_11-eps-converted-to.pdf>
Package pdftex.def Info: itr_11-eps-converted-to.pdf  used on input line 60.
(pdftex.def)             Requested size: 398.33858pt x 298.97208pt.
 (./tmp1_11.tex)

Package fancyhdr Warning: \headheight is too small (12.0pt): 
(fancyhdr)                Make it at least 14.49998pt, for example:
(fancyhdr)                \setlength{\headheight}{14.49998pt}.
(fancyhdr)                You might also make \topmargin smaller to compensate:

(fancyhdr)                \addtolength{\topmargin}{-2.49998pt}.

[12 <./itr_11-eps-converted-to.pdf>] (./tmp2_12.tex

LaTeX Font Warning: Command \footnotesize invalid in math mode on input line 13
.


LaTeX Font Warning: Command \footnotesize invalid in math mode on input line 22
.

)
Package epstopdf Info: Source file: <itr_12.eps>
(epstopdf)                    date: 2023-10-21 15:03:27
(epstopdf)                    size: 207645 bytes
(epstopdf)             Output file: <itr_12-eps-converted-to.pdf>
(epstopdf)                    date: 2023-10-21 14:55:52
(epstopdf)                    size: 12328 bytes
(epstopdf)             Command: <repstopdf --outfile=itr_12-eps-converted-to.pd
f itr_12.eps>
(epstopdf)             \includegraphics on input line 60.
runsystem(repstopdf --outfile=itr_12-eps-converted-to.pdf itr_12.eps)...execute
d safely (allowed).

Package epstopdf Info: Result file: <itr_12-eps-converted-to.pdf>
(epstopdf)                    date: 2023-10-21 15:04:01
(epstopdf)                    size: 12328 bytes.
<itr_12-eps-converted-to.pdf, id=192, 462.72874pt x 347.2975pt>
File: itr_12-eps-converted-to.pdf Graphic file (type pdf)
<use itr_12-eps-converted-to.pdf>
Package pdftex.def Info: itr_12-eps-converted-to.pdf  used on input line 60.
(pdftex.def)             Requested size: 398.33858pt x 298.97208pt.
 (./tmp1_12.tex)

Package fancyhdr Warning: \headheight is too small (12.0pt): 
(fancyhdr)                Make it at least 14.49998pt, for example:
(fancyhdr)                \setlength{\headheight}{14.49998pt}.
(fancyhdr)                You might also make \topmargin smaller to compensate:

(fancyhdr)                \addtolength{\topmargin}{-2.49998pt}.

[13 <./itr_12-eps-converted-to.pdf>] (./tmp2_13.tex

LaTeX Font Warning: Command \footnotesize invalid in math mode on input line 13
.


LaTeX Font Warning: Command \footnotesize invalid in math mode on input line 22
.

)
Package epstopdf Info: Source file: <itr_13.eps>
(epstopdf)                    date: 2023-10-21 15:03:28
(epstopdf)                    size: 207894 bytes
(epstopdf)             Output file: <itr_13-eps-converted-to.pdf>
(epstopdf)                    date: 2023-10-21 14:55:52
(epstopdf)                    size: 12356 bytes
(epstopdf)             Command: <repstopdf --outfile=itr_13-eps-converted-to.pd
f itr_13.eps>
(epstopdf)             \includegraphics on input line 60.
runsystem(repstopdf --outfile=itr_13-eps-converted-to.pdf itr_13.eps)...execute
d safely (allowed).

Package epstopdf Info: Result file: <itr_13-eps-converted-to.pdf>
(epstopdf)                    date: 2023-10-21 15:04:02
(epstopdf)                    size: 12356 bytes.
<itr_13-eps-converted-to.pdf, id=206, 462.72874pt x 347.2975pt>
File: itr_13-eps-converted-to.pdf Graphic file (type pdf)
<use itr_13-eps-converted-to.pdf>
Package pdftex.def Info: itr_13-eps-converted-to.pdf  used on input line 60.
(pdftex.def)             Requested size: 398.33858pt x 298.97208pt.
 (./tmp1_13.tex)

Package fancyhdr Warning: \headheight is too small (12.0pt): 
(fancyhdr)                Make it at least 14.49998pt, for example:
(fancyhdr)                \setlength{\headheight}{14.49998pt}.
(fancyhdr)                You might also make \topmargin smaller to compensate:

(fancyhdr)                \addtolength{\topmargin}{-2.49998pt}.

[14 <./itr_13-eps-converted-to.pdf>] (./tmp2_14.tex

LaTeX Font Warning: Command \footnotesize invalid in math mode on input line 13
.


LaTeX Font Warning: Command \footnotesize invalid in math mode on input line 22
.

)
Package epstopdf Info: Source file: <itr_14.eps>
(epstopdf)                    date: 2023-10-21 15:03:29
(epstopdf)                    size: 208078 bytes
(epstopdf)             Output file: <itr_14-eps-converted-to.pdf>
(epstopdf)                    date: 2023-10-21 14:55:53
(epstopdf)                    size: 12505 bytes
(epstopdf)             Command: <repstopdf --outfile=itr_14-eps-converted-to.pd
f itr_14.eps>
(epstopdf)             \includegraphics on input line 60.
runsystem(repstopdf --outfile=itr_14-eps-converted-to.pdf itr_14.eps)...execute
d safely (allowed).

Package epstopdf Info: Result file: <itr_14-eps-converted-to.pdf>
(epstopdf)                    date: 2023-10-21 15:04:02
(epstopdf)                    size: 12505 bytes.
<itr_14-eps-converted-to.pdf, id=220, 462.72874pt x 347.2975pt>
File: itr_14-eps-converted-to.pdf Graphic file (type pdf)
<use itr_14-eps-converted-to.pdf>
Package pdftex.def Info: itr_14-eps-converted-to.pdf  used on input line 60.
(pdftex.def)             Requested size: 398.33858pt x 298.97208pt.
 (./tmp1_14.tex)

Package fancyhdr Warning: \headheight is too small (12.0pt): 
(fancyhdr)                Make it at least 14.49998pt, for example:
(fancyhdr)                \setlength{\headheight}{14.49998pt}.
(fancyhdr)                You might also make \topmargin smaller to compensate:

(fancyhdr)                \addtolength{\topmargin}{-2.49998pt}.

[15 <./itr_14-eps-converted-to.pdf>] (./tmp2_15.tex

LaTeX Font Warning: Command \footnotesize invalid in math mode on input line 13
.


LaTeX Font Warning: Command \footnotesize invalid in math mode on input line 22
.

)
Package epstopdf Info: Source file: <itr_15.eps>
(epstopdf)                    date: 2023-10-21 15:03:30
(epstopdf)                    size: 206256 bytes
(epstopdf)             Output file: <itr_15-eps-converted-to.pdf>
(epstopdf)                    date: 2023-10-21 14:55:54
(epstopdf)                    size: 11716 bytes
(epstopdf)             Command: <repstopdf --outfile=itr_15-eps-converted-to.pd
f itr_15.eps>
(epstopdf)             \includegraphics on input line 60.
runsystem(repstopdf --outfile=itr_15-eps-converted-to.pdf itr_15.eps)...execute
d safely (allowed).

Package epstopdf Info: Result file: <itr_15-eps-converted-to.pdf>
(epstopdf)                    date: 2023-10-21 15:04:03
(epstopdf)                    size: 11716 bytes.
<itr_15-eps-converted-to.pdf, id=234, 462.72874pt x 347.2975pt>
File: itr_15-eps-converted-to.pdf Graphic file (type pdf)
<use itr_15-eps-converted-to.pdf>
Package pdftex.def Info: itr_15-eps-converted-to.pdf  used on input line 60.
(pdftex.def)             Requested size: 398.33858pt x 298.97208pt.
 (./tmp1_15.tex)

Package fancyhdr Warning: \headheight is too small (12.0pt): 
(fancyhdr)                Make it at least 14.49998pt, for example:
(fancyhdr)                \setlength{\headheight}{14.49998pt}.
(fancyhdr)                You might also make \topmargin smaller to compensate:

(fancyhdr)                \addtolength{\topmargin}{-2.49998pt}.

[16 <./itr_15-eps-converted-to.pdf>] (./tmp2_16.tex

LaTeX Font Warning: Command \footnotesize invalid in math mode on input line 13
.


LaTeX Font Warning: Command \footnotesize invalid in math mode on input line 22
.

)
Package epstopdf Info: Source file: <itr_16.eps>
(epstopdf)                    date: 2023-10-21 15:03:31
(epstopdf)                    size: 206264 bytes
(epstopdf)             Output file: <itr_16-eps-converted-to.pdf>
(epstopdf)                    date: 2023-10-21 14:55:55
(epstopdf)                    size: 11711 bytes
(epstopdf)             Command: <repstopdf --outfile=itr_16-eps-converted-to.pd
f itr_16.eps>
(epstopdf)             \includegraphics on input line 60.
runsystem(repstopdf --outfile=itr_16-eps-converted-to.pdf itr_16.eps)...execute
d safely (allowed).

Package epstopdf Info: Result file: <itr_16-eps-converted-to.pdf>
(epstopdf)                    date: 2023-10-21 15:04:04
(epstopdf)                    size: 11711 bytes.
<itr_16-eps-converted-to.pdf, id=248, 462.72874pt x 347.2975pt>
File: itr_16-eps-converted-to.pdf Graphic file (type pdf)
<use itr_16-eps-converted-to.pdf>
Package pdftex.def Info: itr_16-eps-converted-to.pdf  used on input line 60.
(pdftex.def)             Requested size: 398.33858pt x 298.97208pt.
 (./tmp1_16.tex)

Package fancyhdr Warning: \headheight is too small (12.0pt): 
(fancyhdr)                Make it at least 14.49998pt, for example:
(fancyhdr)                \setlength{\headheight}{14.49998pt}.
(fancyhdr)                You might also make \topmargin smaller to compensate:

(fancyhdr)                \addtolength{\topmargin}{-2.49998pt}.

[17 <./itr_16-eps-converted-to.pdf>] (./tmp2_17.tex

LaTeX Font Warning: Command \footnotesize invalid in math mode on input line 13
.


LaTeX Font Warning: Command \footnotesize invalid in math mode on input line 22
.

)
Package epstopdf Info: Source file: <itr_17.eps>
(epstopdf)                    date: 2023-10-21 15:03:32
(epstopdf)                    size: 206300 bytes
(epstopdf)             Output file: <itr_17-eps-converted-to.pdf>
(epstopdf)                    date: 2023-10-21 14:55:55
(epstopdf)                    size: 11725 bytes
(epstopdf)             Command: <repstopdf --outfile=itr_17-eps-converted-to.pd
f itr_17.eps>
(epstopdf)             \includegraphics on input line 60.
runsystem(repstopdf --outfile=itr_17-eps-converted-to.pdf itr_17.eps)...execute
d safely (allowed).

Package epstopdf Info: Result file: <itr_17-eps-converted-to.pdf>
(epstopdf)                    date: 2023-10-21 15:04:05
(epstopdf)                    size: 11725 bytes.
<itr_17-eps-converted-to.pdf, id=262, 462.72874pt x 347.2975pt>
File: itr_17-eps-converted-to.pdf Graphic file (type pdf)
<use itr_17-eps-converted-to.pdf>
Package pdftex.def Info: itr_17-eps-converted-to.pdf  used on input line 60.
(pdftex.def)             Requested size: 398.33858pt x 298.97208pt.
 (./tmp1_17.tex)

Package fancyhdr Warning: \headheight is too small (12.0pt): 
(fancyhdr)                Make it at least 14.49998pt, for example:
(fancyhdr)                \setlength{\headheight}{14.49998pt}.
(fancyhdr)                You might also make \topmargin smaller to compensate:

(fancyhdr)                \addtolength{\topmargin}{-2.49998pt}.

[18 <./itr_17-eps-converted-to.pdf>] (./tmp2_18.tex

LaTeX Font Warning: Command \footnotesize invalid in math mode on input line 13
.


LaTeX Font Warning: Command \footnotesize invalid in math mode on input line 22
.

)
Package epstopdf Info: Source file: <itr_18.eps>
(epstopdf)                    date: 2023-10-21 15:03:32
(epstopdf)                    size: 206318 bytes
(epstopdf)             Output file: <itr_18-eps-converted-to.pdf>
(epstopdf)                    date: 2023-10-21 14:55:56
(epstopdf)                    size: 11734 bytes
(epstopdf)             Command: <repstopdf --outfile=itr_18-eps-converted-to.pd
f itr_18.eps>
(epstopdf)             \includegraphics on input line 60.
runsystem(repstopdf --outfile=itr_18-eps-converted-to.pdf itr_18.eps)...execute
d safely (allowed).

Package epstopdf Info: Result file: <itr_18-eps-converted-to.pdf>
(epstopdf)                    date: 2023-10-21 15:04:05
(epstopdf)                    size: 11734 bytes.
<itr_18-eps-converted-to.pdf, id=277, 462.72874pt x 347.2975pt>
File: itr_18-eps-converted-to.pdf Graphic file (type pdf)
<use itr_18-eps-converted-to.pdf>
Package pdftex.def Info: itr_18-eps-converted-to.pdf  used on input line 60.
(pdftex.def)             Requested size: 398.33858pt x 298.97208pt.
 (./tmp1_18.tex)

Package fancyhdr Warning: \headheight is too small (12.0pt): 
(fancyhdr)                Make it at least 14.49998pt, for example:
(fancyhdr)                \setlength{\headheight}{14.49998pt}.
(fancyhdr)                You might also make \topmargin smaller to compensate:

(fancyhdr)                \addtolength{\topmargin}{-2.49998pt}.

[19 <./itr_18-eps-converted-to.pdf>] (./tmp2_19.tex

LaTeX Font Warning: Command \footnotesize invalid in math mode on input line 13
.


LaTeX Font Warning: Command \footnotesize invalid in math mode on input line 22
.

)
Package epstopdf Info: Source file: <itr_19.eps>
(epstopdf)                    date: 2023-10-21 15:03:33
(epstopdf)                    size: 206368 bytes
(epstopdf)             Output file: <itr_19-eps-converted-to.pdf>
(epstopdf)                    date: 2023-10-21 14:55:57
(epstopdf)                    size: 11760 bytes
(epstopdf)             Command: <repstopdf --outfile=itr_19-eps-converted-to.pd
f itr_19.eps>
(epstopdf)             \includegraphics on input line 60.
runsystem(repstopdf --outfile=itr_19-eps-converted-to.pdf itr_19.eps)...execute
d safely (allowed).

Package epstopdf Info: Result file: <itr_19-eps-converted-to.pdf>
(epstopdf)                    date: 2023-10-21 15:04:06
(epstopdf)                    size: 11760 bytes.
<itr_19-eps-converted-to.pdf, id=292, 462.72874pt x 347.2975pt>
File: itr_19-eps-converted-to.pdf Graphic file (type pdf)
<use itr_19-eps-converted-to.pdf>
Package pdftex.def Info: itr_19-eps-converted-to.pdf  used on input line 60.
(pdftex.def)             Requested size: 398.33858pt x 298.97208pt.
 (./tmp1_19.tex)

Package fancyhdr Warning: \headheight is too small (12.0pt): 
(fancyhdr)                Make it at least 14.49998pt, for example:
(fancyhdr)                \setlength{\headheight}{14.49998pt}.
(fancyhdr)                You might also make \topmargin smaller to compensate:

(fancyhdr)                \addtolength{\topmargin}{-2.49998pt}.

[20 <./itr_19-eps-converted-to.pdf>]
No file svan.py.
(./slides.aux) ) 
Here is how much of TeX's memory you used:
 8966 strings out of 480171
 167526 string characters out of 5894489
 428293 words of memory out of 5000000
 26575 multiletter control sequences out of 15000+600000
 481241 words of font info for 71 fonts, out of 8000000 for 9000
 59 hyphenation exceptions out of 8191
 55i,11n,62p,381b,349s stack positions out of 5000i,500n,10000p,200000b,80000s
</usr/share/texlive/texmf-dist/fonts/type1/public/amsfonts/cm/c
mbx12.pfb></usr/share/texlive/texmf-dist/fonts/type1/public/amsfonts/cm/cmmi10.
pfb></usr/share/texlive/texmf-dist/fonts/type1/public/amsfonts/cm/cmmi12.pfb></
usr/share/texlive/texmf-dist/fonts/type1/public/amsfonts/cm/cmmi7.pfb></usr/sha
re/texlive/texmf-dist/fonts/type1/public/amsfonts/cm/cmmi8.pfb></usr/share/texl
ive/texmf-dist/fonts/type1/public/amsfonts/cm/cmr10.pfb></usr/share/texlive/tex
mf-dist/fonts/type1/public/amsfonts/cm/cmr12.pfb></usr/share/texlive/texmf-dist
/fonts/type1/public/amsfonts/cm/cmr8.pfb></usr/share/texlive/texmf-dist/fonts/t
ype1/public/amsfonts/cm/cmsy10.pfb></usr/share/texlive/texmf-dist/fonts/type1/p
ublic/amsfonts/cm/cmti12.pfb>
Output written on slides.pdf (21 pages, 215340 bytes).
PDF statistics:
 339 PDF objects out of 1000 (max. 8388607)
 256 compressed objects within 3 object streams
 0 named destinations out of 1000 (max. 500000)
 101 words of extra memory for PDF output out of 10000 (max. 10000000)

